Started GET "/api/v1/users/1.json" for 10.0.2.2 at 2019-03-10 23:05:42 +0000
Started GET "/api/v1/trips/9.json" for 10.0.2.2 at 2019-03-10 23:05:42 +0000
  [1m[35m (0.8ms)[0m  [1m[34mSELECT "schema_migrations"."version" FROM "schema_migrations" ORDER BY "schema_migrations"."version" ASC[0m
  [1m[35m (0.8ms)[0m  [1m[34mSELECT "schema_migrations"."version" FROM "schema_migrations" ORDER BY "schema_migrations"."version" ASC[0m
Processing by Api::V1::UsersController#show as JSON
  Parameters: {"id"=>"1"}
Processing by Api::V1::TripsController#show as JSON
  Parameters: {"id"=>"9"}
  [1m[36mUser Load (0.8ms)[0m  [1m[34mSELECT  "users".* FROM "users" WHERE "users"."id" = $1 LIMIT $2[0m  [["id", 1], ["LIMIT", 1]]
  [1m[36mTrip Load (0.6ms)[0m  [1m[34mSELECT  "trips".* FROM "trips" WHERE "trips"."id" = $1 LIMIT $2[0m  [["id", 9], ["LIMIT", 1]]
  [1m[36mTrip Load (0.9ms)[0m  [1m[34mSELECT "trips".* FROM "trips" INNER JOIN "trips_users" ON "trips"."id" = "trips_users"."trip_id" WHERE "trips_users"."user_id" = $1 ORDER BY "trips"."time_start" ASC[0m  [["user_id", 1]]
  [1m[36mItem Load (0.9ms)[0m  [1m[34mSELECT "items".* FROM "items" WHERE "items"."trip_id" = $1 ORDER BY "items"."time_start" ASC[0m  [["trip_id", 9]]
Completed 200 OK in 374ms (Views: 46.6ms | ActiveRecord: 46.3ms)


Completed 200 OK in 385ms (Views: 36.2ms | ActiveRecord: 37.7ms)


Started GET "/api/v1/items/26.json" for 10.0.2.2 at 2019-03-10 23:05:43 +0000
Processing by Api::V1::ItemsController#show as JSON
  Parameters: {"id"=>"26"}
  [1m[36mItem Load (1.1ms)[0m  [1m[34mSELECT  "items".* FROM "items" WHERE "items"."id" = $1 LIMIT $2[0m  [["id", 26], ["LIMIT", 1]]
Completed 200 OK in 1394ms (Views: 6.7ms | ActiveRecord: 1.1ms)


Started GET "/api/v1/trips/2.json" for 10.0.2.2 at 2019-03-10 23:05:50 +0000
Processing by Api::V1::TripsController#show as JSON
  Parameters: {"id"=>"2"}
  [1m[36mTrip Load (1.9ms)[0m  [1m[34mSELECT  "trips".* FROM "trips" WHERE "trips"."id" = $1 LIMIT $2[0m  [["id", 2], ["LIMIT", 1]]
  [1m[36mItem Load (1.4ms)[0m  [1m[34mSELECT "items".* FROM "items" WHERE "items"."trip_id" = $1 ORDER BY "items"."time_start" ASC[0m  [["trip_id", 2]]
Completed 200 OK in 16ms (Views: 7.2ms | ActiveRecord: 3.3ms)


Started GET "/api/v1/trips/9.json" for 10.0.2.2 at 2019-03-10 23:05:57 +0000
Processing by Api::V1::TripsController#show as JSON
  Parameters: {"id"=>"9"}
  [1m[36mTrip Load (1.8ms)[0m  [1m[34mSELECT  "trips".* FROM "trips" WHERE "trips"."id" = $1 LIMIT $2[0m  [["id", 9], ["LIMIT", 1]]
  [1m[36mItem Load (1.3ms)[0m  [1m[34mSELECT "items".* FROM "items" WHERE "items"."trip_id" = $1 ORDER BY "items"."time_start" ASC[0m  [["trip_id", 9]]
Completed 200 OK in 22ms (Views: 13.8ms | ActiveRecord: 3.2ms)


Started GET "/api/v1/trips/8.json" for 10.0.2.2 at 2019-03-10 23:05:59 +0000
Processing by Api::V1::TripsController#show as JSON
  Parameters: {"id"=>"8"}
  [1m[36mTrip Load (2.3ms)[0m  [1m[34mSELECT  "trips".* FROM "trips" WHERE "trips"."id" = $1 LIMIT $2[0m  [["id", 8], ["LIMIT", 1]]
  [1m[36mItem Load (2.6ms)[0m  [1m[34mSELECT "items".* FROM "items" WHERE "items"."trip_id" = $1 ORDER BY "items"."time_start" ASC[0m  [["trip_id", 8]]
Completed 200 OK in 18ms (Views: 5.3ms | ActiveRecord: 5.0ms)


Started GET "/api/v1/trips/2.json" for 10.0.2.2 at 2019-03-10 23:06:02 +0000
Processing by Api::V1::TripsController#show as JSON
  Parameters: {"id"=>"2"}
  [1m[36mTrip Load (0.6ms)[0m  [1m[34mSELECT  "trips".* FROM "trips" WHERE "trips"."id" = $1 LIMIT $2[0m  [["id", 2], ["LIMIT", 1]]
  [1m[36mItem Load (1.8ms)[0m  [1m[34mSELECT "items".* FROM "items" WHERE "items"."trip_id" = $1 ORDER BY "items"."time_start" ASC[0m  [["trip_id", 2]]
Completed 200 OK in 20ms (Views: 6.8ms | ActiveRecord: 2.4ms)


Started GET "/api/v1/items/9.json" for 10.0.2.2 at 2019-03-10 23:06:02 +0000
Processing by Api::V1::ItemsController#show as JSON
  Parameters: {"id"=>"9"}
  [1m[36mItem Load (1.6ms)[0m  [1m[34mSELECT  "items".* FROM "items" WHERE "items"."id" = $1 LIMIT $2[0m  [["id", 9], ["LIMIT", 1]]
Completed 200 OK in 1747ms (Views: 9.1ms | ActiveRecord: 1.6ms)


Started GET "/api/v1/users/1.json" for 10.0.2.2 at 2019-03-10 23:07:46 +0000
Processing by Api::V1::UsersController#show as JSON
Started GET "/api/v1/trips/2.json" for 10.0.2.2 at 2019-03-10 23:07:46 +0000
  Parameters: {"id"=>"1"}
Processing by Api::V1::TripsController#show as JSON
  Parameters: {"id"=>"2"}
  [1m[36mUser Load (2.3ms)[0m  [1m[34mSELECT  "users".* FROM "users" WHERE "users"."id" = $1 LIMIT $2[0m  [["id", 1], ["LIMIT", 1]]
  [1m[36mTrip Load (1.6ms)[0m  [1m[34mSELECT "trips".* FROM "trips" INNER JOIN "trips_users" ON "trips"."id" = "trips_users"."trip_id" WHERE "trips_users"."user_id" = $1 ORDER BY "trips"."time_start" ASC[0m  [["user_id", 1]]
Completed 200 OK in 16ms (Views: 8.0ms | ActiveRecord: 3.9ms)


  [1m[36mTrip Load (10.4ms)[0m  [1m[34mSELECT  "trips".* FROM "trips" WHERE "trips"."id" = $1 LIMIT $2[0m  [["id", 2], ["LIMIT", 1]]
  [1m[36mItem Load (2.5ms)[0m  [1m[34mSELECT "items".* FROM "items" WHERE "items"."trip_id" = $1 ORDER BY "items"."time_start" ASC[0m  [["trip_id", 2]]
Completed 200 OK in 31ms (Views: 9.0ms | ActiveRecord: 12.8ms)


Started GET "/api/v1/items/9.json" for 10.0.2.2 at 2019-03-10 23:07:46 +0000
Processing by Api::V1::ItemsController#show as JSON
  Parameters: {"id"=>"9"}
  [1m[36mItem Load (0.2ms)[0m  [1m[34mSELECT  "items".* FROM "items" WHERE "items"."id" = $1 LIMIT $2[0m  [["id", 9], ["LIMIT", 1]]
Completed 200 OK in 1229ms (Views: 17.7ms | ActiveRecord: 0.2ms)


Started GET "/api/v1/trips/2.json" for 10.0.2.2 at 2019-03-10 23:07:59 +0000
Started GET "/api/v1/users/1.json" for 10.0.2.2 at 2019-03-10 23:07:59 +0000
Processing by Api::V1::TripsController#show as JSON
  Parameters: {"id"=>"2"}
Processing by Api::V1::UsersController#show as JSON
  [1m[36mTrip Load (0.5ms)[0m  [1m[34mSELECT  "trips".* FROM "trips" WHERE "trips"."id" = $1 LIMIT $2[0m  [["id", 2], ["LIMIT", 1]]
  Parameters: {"id"=>"1"}
  [1m[36mItem Load (1.1ms)[0m  [1m[34mSELECT "items".* FROM "items" WHERE "items"."trip_id" = $1 ORDER BY "items"."time_start" ASC[0m  [["trip_id", 2]]
  [1m[36mUser Load (0.4ms)[0m  [1m[34mSELECT  "users".* FROM "users" WHERE "users"."id" = $1 LIMIT $2[0m  [["id", 1], ["LIMIT", 1]]
Completed 200 OK in 62ms (Views: 38.9ms | ActiveRecord: 1.6ms)


  [1m[36mTrip Load (0.6ms)[0m  [1m[34mSELECT "trips".* FROM "trips" INNER JOIN "trips_users" ON "trips"."id" = "trips_users"."trip_id" WHERE "trips_users"."user_id" = $1 ORDER BY "trips"."time_start" ASC[0m  [["user_id", 1]]
Completed 200 OK in 55ms (Views: 14.5ms | ActiveRecord: 1.0ms)


Started GET "/api/v1/items/9.json" for 10.0.2.2 at 2019-03-10 23:07:59 +0000
Processing by Api::V1::ItemsController#show as JSON
  Parameters: {"id"=>"9"}
  [1m[36mItem Load (0.5ms)[0m  [1m[34mSELECT  "items".* FROM "items" WHERE "items"."id" = $1 LIMIT $2[0m  [["id", 9], ["LIMIT", 1]]
Completed 200 OK in 213ms (Views: 6.4ms | ActiveRecord: 0.5ms)


Started GET "/api/v1/users/1.json" for 10.0.2.2 at 2019-03-10 23:11:09 +0000
Started GET "/api/v1/trips/2.json" for 10.0.2.2 at 2019-03-10 23:11:09 +0000
Processing by Api::V1::UsersController#show as JSON
  Parameters: {"id"=>"1"}
Processing by Api::V1::TripsController#show as JSON
  Parameters: {"id"=>"2"}
  [1m[36mTrip Load (0.6ms)[0m  [1m[34mSELECT  "trips".* FROM "trips" WHERE "trips"."id" = $1 LIMIT $2[0m  [["id", 2], ["LIMIT", 1]]
  [1m[36mUser Load (0.8ms)[0m  [1m[34mSELECT  "users".* FROM "users" WHERE "users"."id" = $1 LIMIT $2[0m  [["id", 1], ["LIMIT", 1]]
  [1m[36mItem Load (14.5ms)[0m  [1m[34mSELECT "items".* FROM "items" WHERE "items"."trip_id" = $1 ORDER BY "items"."time_start" ASC[0m  [["trip_id", 2]]
Completed 200 OK in 34ms (Views: 14.6ms | ActiveRecord: 15.1ms)


  [1m[36mTrip Load (12.4ms)[0m  [1m[34mSELECT "trips".* FROM "trips" INNER JOIN "trips_users" ON "trips"."id" = "trips_users"."trip_id" WHERE "trips_users"."user_id" = $1 ORDER BY "trips"."time_start" ASC[0m  [["user_id", 1]]
Completed 200 OK in 42ms (Views: 6.8ms | ActiveRecord: 13.2ms)


Started GET "/api/v1/items/9.json" for 10.0.2.2 at 2019-03-10 23:11:09 +0000
Processing by Api::V1::ItemsController#show as JSON
  Parameters: {"id"=>"9"}
  [1m[36mItem Load (0.6ms)[0m  [1m[34mSELECT  "items".* FROM "items" WHERE "items"."id" = $1 LIMIT $2[0m  [["id", 9], ["LIMIT", 1]]
Completed 200 OK in 1032ms (Views: 4.5ms | ActiveRecord: 0.6ms)


Started GET "/api/v1/items/9.json" for 10.0.2.2 at 2019-03-10 23:11:10 +0000
Processing by Api::V1::ItemsController#show as JSON
  Parameters: {"id"=>"9"}
  [1m[36mItem Load (0.3ms)[0m  [1m[34mSELECT  "items".* FROM "items" WHERE "items"."id" = $1 LIMIT $2[0m  [["id", 9], ["LIMIT", 1]]
Completed 200 OK in 203ms (Views: 6.2ms | ActiveRecord: 0.3ms)


Started GET "/api/v1/users/1.json" for 10.0.2.2 at 2019-03-10 23:17:14 +0000
Started GET "/api/v1/trips/2.json" for 10.0.2.2 at 2019-03-10 23:17:14 +0000
  [1m[35m (0.3ms)[0m  [1m[34mSELECT "schema_migrations"."version" FROM "schema_migrations" ORDER BY "schema_migrations"."version" ASC[0m
  [1m[35m (0.4ms)[0m  [1m[34mSELECT "schema_migrations"."version" FROM "schema_migrations" ORDER BY "schema_migrations"."version" ASC[0m
Processing by Api::V1::UsersController#show as JSON
  Parameters: {"id"=>"1"}
Processing by Api::V1::TripsController#show as JSON
  Parameters: {"id"=>"2"}
  [1m[36mUser Load (0.2ms)[0m  [1m[34mSELECT  "users".* FROM "users" WHERE "users"."id" = $1 LIMIT $2[0m  [["id", 1], ["LIMIT", 1]]
  [1m[36mTrip Load (0.2ms)[0m  [1m[34mSELECT  "trips".* FROM "trips" WHERE "trips"."id" = $1 LIMIT $2[0m  [["id", 2], ["LIMIT", 1]]
  [1m[36mItem Load (0.3ms)[0m  [1m[34mSELECT "items".* FROM "items" WHERE "items"."trip_id" = $1 ORDER BY "items"."time_start" ASC[0m  [["trip_id", 2]]
Completed 200 OK in 359ms (Views: 31.8ms | ActiveRecord: 28.1ms)


  [1m[36mTrip Load (0.8ms)[0m  [1m[34mSELECT "trips".* FROM "trips" INNER JOIN "trips_users" ON "trips"."id" = "trips_users"."trip_id" WHERE "trips_users"."user_id" = $1 ORDER BY "trips"."time_start" ASC[0m  [["user_id", 1]]
Completed 200 OK in 409ms (Views: 67.7ms | ActiveRecord: 38.6ms)


Started GET "/api/v1/items/9.json" for 10.0.2.2 at 2019-03-10 23:17:15 +0000
  
SyntaxError (/vagrant/sm-plnr/smooth_planner_api/app/controllers/api/v1/items_controller.rb:28: syntax error, unexpected tSYMBEG, expecting '}'
        :key => Rails.application.secrets.google_api_key,
         ^
/vagrant/sm-plnr/smooth_planner_api/app/controllers/api/v1/items_controller.rb:29: syntax error, unexpected =>, expecting &. or :: or '[' or '.'
        :radius => "10000",
                  ^
/vagrant/sm-plnr/smooth_planner_api/app/controllers/api/v1/items_controller.rb:29: syntax error, unexpected ',', expecting keyword_end
/vagrant/sm-plnr/smooth_planner_api/app/controllers/api/v1/items_controller.rb:31: syntax error, unexpected =>, expecting &. or :: or '[' or '.'
        :type => :reco_type
                ^
/vagrant/sm-plnr/smooth_planner_api/app/controllers/api/v1/items_controller.rb:32: syntax error, unexpected '}', expecting keyword_end
        }).body
         ^):
  
app/controllers/api/v1/items_controller.rb:28: syntax error, unexpected tSYMBEG, expecting '}'
app/controllers/api/v1/items_controller.rb:29: syntax error, unexpected =>, expecting &. or :: or '[' or '.'
app/controllers/api/v1/items_controller.rb:29: syntax error, unexpected ',', expecting keyword_end
app/controllers/api/v1/items_controller.rb:31: syntax error, unexpected =>, expecting &. or :: or '[' or '.'
app/controllers/api/v1/items_controller.rb:32: syntax error, unexpected '}', expecting keyword_end
Started GET "/api/v1/items/9.json" for 10.0.2.2 at 2019-03-10 23:17:15 +0000
  
SyntaxError (/vagrant/sm-plnr/smooth_planner_api/app/controllers/api/v1/items_controller.rb:28: syntax error, unexpected tSYMBEG, expecting '}'
        :key => Rails.application.secrets.google_api_key,
         ^
/vagrant/sm-plnr/smooth_planner_api/app/controllers/api/v1/items_controller.rb:29: syntax error, unexpected =>, expecting &. or :: or '[' or '.'
        :radius => "10000",
                  ^
/vagrant/sm-plnr/smooth_planner_api/app/controllers/api/v1/items_controller.rb:29: syntax error, unexpected ',', expecting keyword_end
/vagrant/sm-plnr/smooth_planner_api/app/controllers/api/v1/items_controller.rb:31: syntax error, unexpected =>, expecting &. or :: or '[' or '.'
        :type => :reco_type
                ^
/vagrant/sm-plnr/smooth_planner_api/app/controllers/api/v1/items_controller.rb:32: syntax error, unexpected '}', expecting keyword_end
        }).body
         ^):
  
app/controllers/api/v1/items_controller.rb:28: syntax error, unexpected tSYMBEG, expecting '}'
app/controllers/api/v1/items_controller.rb:29: syntax error, unexpected =>, expecting &. or :: or '[' or '.'
app/controllers/api/v1/items_controller.rb:29: syntax error, unexpected ',', expecting keyword_end
app/controllers/api/v1/items_controller.rb:31: syntax error, unexpected =>, expecting &. or :: or '[' or '.'
app/controllers/api/v1/items_controller.rb:32: syntax error, unexpected '}', expecting keyword_end
Started GET "/api/v1/users/1.json" for 10.0.2.2 at 2019-03-10 23:18:03 +0000
Started GET "/api/v1/trips/2.json" for 10.0.2.2 at 2019-03-10 23:18:03 +0000
  [1m[35m (0.9ms)[0m  [1m[34mSELECT "schema_migrations"."version" FROM "schema_migrations" ORDER BY "schema_migrations"."version" ASC[0m
  [1m[35m (1.1ms)[0m  [1m[34mSELECT "schema_migrations"."version" FROM "schema_migrations" ORDER BY "schema_migrations"."version" ASC[0m
Processing by Api::V1::UsersController#show as JSON
Processing by Api::V1::TripsController#show as JSON
  Parameters: {"id"=>"1"}
  Parameters: {"id"=>"2"}
  [1m[36mTrip Load (1.3ms)[0m  [1m[34mSELECT  "trips".* FROM "trips" WHERE "trips"."id" = $1 LIMIT $2[0m  [["id", 2], ["LIMIT", 1]]
  [1m[36mUser Load (12.9ms)[0m  [1m[34mSELECT  "users".* FROM "users" WHERE "users"."id" = $1 LIMIT $2[0m  [["id", 1], ["LIMIT", 1]]
  [1m[36mItem Load (0.3ms)[0m  [1m[34mSELECT "items".* FROM "items" WHERE "items"."trip_id" = $1 ORDER BY "items"."time_start" ASC[0m  [["trip_id", 2]]
  [1m[36mTrip Load (0.7ms)[0m  [1m[34mSELECT "trips".* FROM "trips" INNER JOIN "trips_users" ON "trips"."id" = "trips_users"."trip_id" WHERE "trips_users"."user_id" = $1 ORDER BY "trips"."time_start" ASC[0m  [["user_id", 1]]
Completed 200 OK in 309ms (Views: 20.2ms | ActiveRecord: 54.4ms)


Completed 200 OK in 325ms (Views: 37.4ms | ActiveRecord: 23.5ms)


Started GET "/api/v1/items/9.json" for 10.0.2.2 at 2019-03-10 23:18:05 +0000
Processing by Api::V1::ItemsController#show as JSON
  Parameters: {"id"=>"9"}
  [1m[36mItem Load (0.8ms)[0m  [1m[34mSELECT  "items".* FROM "items" WHERE "items"."id" = $1 LIMIT $2[0m  [["id", 9], ["LIMIT", 1]]
Completed 200 OK in 1409ms (Views: 0.3ms | ActiveRecord: 0.8ms)


Started GET "/api/v1/items/9.json" for 10.0.2.2 at 2019-03-10 23:18:06 +0000
Processing by Api::V1::ItemsController#show as JSON
  Parameters: {"id"=>"9"}
  [1m[36mItem Load (1.2ms)[0m  [1m[34mSELECT  "items".* FROM "items" WHERE "items"."id" = $1 LIMIT $2[0m  [["id", 9], ["LIMIT", 1]]
Completed 200 OK in 131ms (Views: 0.4ms | ActiveRecord: 1.2ms)


Started GET "/api/v1/users/1.json" for 10.0.2.2 at 2019-03-10 23:20:39 +0000
Started GET "/api/v1/trips/2.json" for 10.0.2.2 at 2019-03-10 23:20:39 +0000
Processing by Api::V1::UsersController#show as JSON
  Parameters: {"id"=>"1"}
Processing by Api::V1::TripsController#show as JSON
  Parameters: {"id"=>"2"}
  [1m[36mUser Load (2.8ms)[0m  [1m[34mSELECT  "users".* FROM "users" WHERE "users"."id" = $1 LIMIT $2[0m  [["id", 1], ["LIMIT", 1]]
  [1m[36mTrip Load (1.2ms)[0m  [1m[34mSELECT "trips".* FROM "trips" INNER JOIN "trips_users" ON "trips"."id" = "trips_users"."trip_id" WHERE "trips_users"."user_id" = $1 ORDER BY "trips"."time_start" ASC[0m  [["user_id", 1]]
Completed 200 OK in 19ms (Views: 8.8ms | ActiveRecord: 3.9ms)


  [1m[36mTrip Load (0.6ms)[0m  [1m[34mSELECT  "trips".* FROM "trips" WHERE "trips"."id" = $1 LIMIT $2[0m  [["id", 2], ["LIMIT", 1]]
  [1m[36mItem Load (2.2ms)[0m  [1m[34mSELECT "items".* FROM "items" WHERE "items"."trip_id" = $1 ORDER BY "items"."time_start" ASC[0m  [["trip_id", 2]]
Completed 200 OK in 45ms (Views: 6.6ms | ActiveRecord: 20.2ms)


Started GET "/api/v1/items/9.json" for 10.0.2.2 at 2019-03-10 23:20:40 +0000
Processing by Api::V1::ItemsController#show as JSON
  Parameters: {"id"=>"9"}
  [1m[36mItem Load (0.8ms)[0m  [1m[34mSELECT  "items".* FROM "items" WHERE "items"."id" = $1 LIMIT $2[0m  [["id", 9], ["LIMIT", 1]]
Completed 200 OK in 852ms (Views: 0.2ms | ActiveRecord: 0.8ms)


Started GET "/api/v1/items/9.json" for 10.0.2.2 at 2019-03-10 23:20:41 +0000
Processing by Api::V1::ItemsController#show as JSON
  Parameters: {"id"=>"9"}
  [1m[36mItem Load (0.4ms)[0m  [1m[34mSELECT  "items".* FROM "items" WHERE "items"."id" = $1 LIMIT $2[0m  [["id", 9], ["LIMIT", 1]]
Completed 200 OK in 151ms (Views: 0.2ms | ActiveRecord: 0.8ms)


Started GET "/api/v1/trips/2.json" for 10.0.2.2 at 2019-03-10 23:21:34 +0000
Started GET "/api/v1/users/1.json" for 10.0.2.2 at 2019-03-10 23:21:34 +0000
Processing by Api::V1::TripsController#show as JSON
  Parameters: {"id"=>"2"}
Processing by Api::V1::UsersController#show as JSON
  Parameters: {"id"=>"1"}
  [1m[36mTrip Load (1.5ms)[0m  [1m[34mSELECT  "trips".* FROM "trips" WHERE "trips"."id" = $1 LIMIT $2[0m  [["id", 2], ["LIMIT", 1]]
  [1m[36mUser Load (0.4ms)[0m  [1m[34mSELECT  "users".* FROM "users" WHERE "users"."id" = $1 LIMIT $2[0m  [["id", 1], ["LIMIT", 1]]
  [1m[36mItem Load (0.6ms)[0m  [1m[34mSELECT "items".* FROM "items" WHERE "items"."trip_id" = $1 ORDER BY "items"."time_start" ASC[0m  [["trip_id", 2]]
  [1m[36mTrip Load (0.5ms)[0m  [1m[34mSELECT "trips".* FROM "trips" INNER JOIN "trips_users" ON "trips"."id" = "trips_users"."trip_id" WHERE "trips_users"."user_id" = $1 ORDER BY "trips"."time_start" ASC[0m  [["user_id", 1]]
Completed 200 OK in 38ms (Views: 25.6ms | ActiveRecord: 2.2ms)


Completed 200 OK in 44ms (Views: 32.9ms | ActiveRecord: 0.9ms)


Started GET "/api/v1/items/9.json" for 10.0.2.2 at 2019-03-10 23:21:34 +0000
Processing by Api::V1::ItemsController#show as JSON
  Parameters: {"id"=>"9"}
  [1m[36mItem Load (0.8ms)[0m  [1m[34mSELECT  "items".* FROM "items" WHERE "items"."id" = $1 LIMIT $2[0m  [["id", 9], ["LIMIT", 1]]
Completed 200 OK in 152ms (Views: 0.7ms | ActiveRecord: 0.8ms)


Started GET "/api/v1/items/9.json" for 10.0.2.2 at 2019-03-10 23:21:34 +0000
Processing by Api::V1::ItemsController#show as JSON
  Parameters: {"id"=>"9"}
  [1m[36mItem Load (0.3ms)[0m  [1m[34mSELECT  "items".* FROM "items" WHERE "items"."id" = $1 LIMIT $2[0m  [["id", 9], ["LIMIT", 1]]
Completed 200 OK in 136ms (Views: 0.2ms | ActiveRecord: 0.3ms)


Started GET "/api/v1/trips/2.json" for 10.0.2.2 at 2019-03-10 23:22:22 +0000
Started GET "/api/v1/users/1.json" for 10.0.2.2 at 2019-03-10 23:22:22 +0000
Processing by Api::V1::TripsController#show as JSON
  Parameters: {"id"=>"2"}
Processing by Api::V1::UsersController#show as JSON
  [1m[36mTrip Load (0.3ms)[0m  [1m[34mSELECT  "trips".* FROM "trips" WHERE "trips"."id" = $1 LIMIT $2[0m  [["id", 2], ["LIMIT", 1]]
  Parameters: {"id"=>"1"}
  [1m[36mUser Load (0.3ms)[0m  [1m[34mSELECT  "users".* FROM "users" WHERE "users"."id" = $1 LIMIT $2[0m  [["id", 1], ["LIMIT", 1]]
  [1m[36mItem Load (6.0ms)[0m  [1m[34mSELECT "items".* FROM "items" WHERE "items"."trip_id" = $1 ORDER BY "items"."time_start" ASC[0m  [["trip_id", 2]]
  [1m[36mTrip Load (1.4ms)[0m  [1m[34mSELECT "trips".* FROM "trips" INNER JOIN "trips_users" ON "trips"."id" = "trips_users"."trip_id" WHERE "trips_users"."user_id" = $1 ORDER BY "trips"."time_start" ASC[0m  [["user_id", 1]]
Completed 200 OK in 30ms (Views: 14.7ms | ActiveRecord: 6.4ms)


Completed 200 OK in 29ms (Views: 20.4ms | ActiveRecord: 1.7ms)


Started GET "/api/v1/items/9.json" for 10.0.2.2 at 2019-03-10 23:22:22 +0000
Processing by Api::V1::ItemsController#show as JSON
  Parameters: {"id"=>"9"}
  [1m[36mItem Load (0.4ms)[0m  [1m[34mSELECT  "items".* FROM "items" WHERE "items"."id" = $1 LIMIT $2[0m  [["id", 9], ["LIMIT", 1]]
Completed 200 OK in 716ms (Views: 0.7ms | ActiveRecord: 0.4ms)


Started GET "/api/v1/trips/2.json" for 10.0.2.2 at 2019-03-10 23:25:05 +0000
Started GET "/api/v1/users/1.json" for 10.0.2.2 at 2019-03-10 23:25:05 +0000
Processing by Api::V1::TripsController#show as JSON
Processing by Api::V1::UsersController#show as JSON
  Parameters: {"id"=>"1"}
  Parameters: {"id"=>"2"}
  [1m[36mUser Load (0.3ms)[0m  [1m[34mSELECT  "users".* FROM "users" WHERE "users"."id" = $1 LIMIT $2[0m  [["id", 1], ["LIMIT", 1]]
  [1m[36mTrip Load (0.6ms)[0m  [1m[34mSELECT  "trips".* FROM "trips" WHERE "trips"."id" = $1 LIMIT $2[0m  [["id", 2], ["LIMIT", 1]]
  [1m[36mTrip Load (5.0ms)[0m  [1m[34mSELECT "trips".* FROM "trips" INNER JOIN "trips_users" ON "trips"."id" = "trips_users"."trip_id" WHERE "trips_users"."user_id" = $1 ORDER BY "trips"."time_start" ASC[0m  [["user_id", 1]]
Completed 200 OK in 26ms (Views: 13.2ms | ActiveRecord: 5.3ms)


  [1m[36mItem Load (13.8ms)[0m  [1m[34mSELECT "items".* FROM "items" WHERE "items"."trip_id" = $1 ORDER BY "items"."time_start" ASC[0m  [["trip_id", 2]]
Completed 200 OK in 37ms (Views: 14.3ms | ActiveRecord: 14.4ms)


Started GET "/api/v1/items/9.json?suggestionType=restaurant&query=restaurants}" for 10.0.2.2 at 2019-03-10 23:25:05 +0000
Processing by Api::V1::ItemsController#show as JSON
  Parameters: {"suggestionType"=>"restaurant", "query"=>"restaurants}", "id"=>"9"}
  [1m[36mItem Load (0.3ms)[0m  [1m[34mSELECT  "items".* FROM "items" WHERE "items"."id" = $1 LIMIT $2[0m  [["id", 9], ["LIMIT", 1]]
Completed 200 OK in 400ms (Views: 0.5ms | ActiveRecord: 0.3ms)


Started GET "/api/v1/users/1.json" for 10.0.2.2 at 2019-03-10 23:25:23 +0000
Started GET "/api/v1/trips/2.json" for 10.0.2.2 at 2019-03-10 23:25:23 +0000
  [1m[35m (0.9ms)[0m  [1m[34mSELECT "schema_migrations"."version" FROM "schema_migrations" ORDER BY "schema_migrations"."version" ASC[0m
  [1m[35m (0.9ms)[0m  [1m[34mSELECT "schema_migrations"."version" FROM "schema_migrations" ORDER BY "schema_migrations"."version" ASC[0m
Processing by Api::V1::TripsController#show as JSON
Processing by Api::V1::UsersController#show as JSON
  Parameters: {"id"=>"2"}
  Parameters: {"id"=>"1"}
  [1m[36mUser Load (0.3ms)[0m  [1m[34mSELECT  "users".* FROM "users" WHERE "users"."id" = $1 LIMIT $2[0m  [["id", 1], ["LIMIT", 1]]
  [1m[36mTrip Load (0.3ms)[0m  [1m[34mSELECT  "trips".* FROM "trips" WHERE "trips"."id" = $1 LIMIT $2[0m  [["id", 2], ["LIMIT", 1]]
  [1m[36mTrip Load (0.4ms)[0m  [1m[34mSELECT "trips".* FROM "trips" INNER JOIN "trips_users" ON "trips"."id" = "trips_users"."trip_id" WHERE "trips_users"."user_id" = $1 ORDER BY "trips"."time_start" ASC[0m  [["user_id", 1]]
  [1m[36mItem Load (0.8ms)[0m  [1m[34mSELECT "items".* FROM "items" WHERE "items"."trip_id" = $1 ORDER BY "items"."time_start" ASC[0m  [["trip_id", 2]]
Completed 200 OK in 274ms (Views: 16.2ms | ActiveRecord: 69.7ms)


Completed 200 OK in 332ms (Views: 39.4ms | ActiveRecord: 20.8ms)


Started GET "/api/v1/items/9.json?suggestionType=restaurant&query=restaurants}" for 10.0.2.2 at 2019-03-10 23:25:24 +0000
Processing by Api::V1::ItemsController#show as JSON
  Parameters: {"suggestionType"=>"restaurant", "query"=>"restaurants}", "id"=>"9"}
  [1m[36mItem Load (0.2ms)[0m  [1m[34mSELECT  "items".* FROM "items" WHERE "items"."id" = $1 LIMIT $2[0m  [["id", 9], ["LIMIT", 1]]
Completed 200 OK in 145ms (Views: 0.2ms | ActiveRecord: 0.2ms)


Started GET "/api/v1/users/1.json" for 10.0.2.2 at 2019-03-10 23:26:51 +0000
Started GET "/api/v1/trips/2.json" for 10.0.2.2 at 2019-03-10 23:26:51 +0000
  [1m[35m (0.7ms)[0m  [1m[34mSELECT "schema_migrations"."version" FROM "schema_migrations" ORDER BY "schema_migrations"."version" ASC[0m
Processing by Api::V1::UsersController#show as JSON
  Parameters: {"id"=>"1"}
  [1m[35m (96.3ms)[0m  [1m[34mSELECT "schema_migrations"."version" FROM "schema_migrations" ORDER BY "schema_migrations"."version" ASC[0m
Processing by Api::V1::TripsController#show as JSON
  Parameters: {"id"=>"2"}
  [1m[36mTrip Load (1.9ms)[0m  [1m[34mSELECT  "trips".* FROM "trips" WHERE "trips"."id" = $1 LIMIT $2[0m  [["id", 2], ["LIMIT", 1]]
  [1m[36mUser Load (0.5ms)[0m  [1m[34mSELECT  "users".* FROM "users" WHERE "users"."id" = $1 LIMIT $2[0m  [["id", 1], ["LIMIT", 1]]
  [1m[36mItem Load (0.3ms)[0m  [1m[34mSELECT "items".* FROM "items" WHERE "items"."trip_id" = $1 ORDER BY "items"."time_start" ASC[0m  [["trip_id", 2]]
  [1m[36mTrip Load (1.1ms)[0m  [1m[34mSELECT "trips".* FROM "trips" INNER JOIN "trips_users" ON "trips"."id" = "trips_users"."trip_id" WHERE "trips_users"."user_id" = $1 ORDER BY "trips"."time_start" ASC[0m  [["user_id", 1]]
Completed 200 OK in 328ms (Views: 16.7ms | ActiveRecord: 67.4ms)


Completed 200 OK in 252ms (Views: 41.3ms | ActiveRecord: 28.1ms)


Started GET "/api/v1/items/9.json?suggestionType=restaurant&query=restaurants}" for 10.0.2.2 at 2019-03-10 23:26:52 +0000
Processing by Api::V1::ItemsController#show as JSON
  Parameters: {"suggestionType"=>"restaurant", "query"=>"restaurants}", "id"=>"9"}
  [1m[36mItem Load (0.2ms)[0m  [1m[34mSELECT  "items".* FROM "items" WHERE "items"."id" = $1 LIMIT $2[0m  [["id", 9], ["LIMIT", 1]]
Completed 200 OK in 1065ms (Views: 0.3ms | ActiveRecord: 0.2ms)


Started GET "/api/v1/users/1.json" for 10.0.2.2 at 2019-03-10 23:27:16 +0000
Processing by Api::V1::UsersController#show as JSON
Started GET "/api/v1/trips/2.json" for 10.0.2.2 at 2019-03-10 23:27:16 +0000
  Parameters: {"id"=>"1"}
Processing by Api::V1::TripsController#show as JSON
  Parameters: {"id"=>"2"}
  [1m[36mUser Load (0.9ms)[0m  [1m[34mSELECT  "users".* FROM "users" WHERE "users"."id" = $1 LIMIT $2[0m  [["id", 1], ["LIMIT", 1]]
  [1m[36mTrip Load (0.9ms)[0m  [1m[34mSELECT "trips".* FROM "trips" INNER JOIN "trips_users" ON "trips"."id" = "trips_users"."trip_id" WHERE "trips_users"."user_id" = $1 ORDER BY "trips"."time_start" ASC[0m  [["user_id", 1]]
Completed 200 OK in 40ms (Views: 25.7ms | ActiveRecord: 1.8ms)


  [1m[36mTrip Load (1.3ms)[0m  [1m[34mSELECT  "trips".* FROM "trips" WHERE "trips"."id" = $1 LIMIT $2[0m  [["id", 2], ["LIMIT", 1]]
  [1m[36mItem Load (4.0ms)[0m  [1m[34mSELECT "items".* FROM "items" WHERE "items"."trip_id" = $1 ORDER BY "items"."time_start" ASC[0m  [["trip_id", 2]]
Completed 200 OK in 82ms (Views: 17.0ms | ActiveRecord: 35.7ms)


Started GET "/api/v1/items/9.json?suggestionType=restaurant&query=restaurants" for 10.0.2.2 at 2019-03-10 23:27:17 +0000
Processing by Api::V1::ItemsController#show as JSON
  Parameters: {"suggestionType"=>"restaurant", "query"=>"restaurants", "id"=>"9"}
  [1m[36mItem Load (0.4ms)[0m  [1m[34mSELECT  "items".* FROM "items" WHERE "items"."id" = $1 LIMIT $2[0m  [["id", 9], ["LIMIT", 1]]
Completed 200 OK in 145ms (Views: 1.1ms | ActiveRecord: 0.4ms)


Started GET "/api/v1/users/1.json" for 10.0.2.2 at 2019-03-10 23:28:41 +0000
Started GET "/api/v1/trips/2.json" for 10.0.2.2 at 2019-03-10 23:28:41 +0000
  [1m[35m (0.3ms)[0m  [1m[34mSELECT "schema_migrations"."version" FROM "schema_migrations" ORDER BY "schema_migrations"."version" ASC[0m
  [1m[35m (0.7ms)[0m  [1m[34mSELECT "schema_migrations"."version" FROM "schema_migrations" ORDER BY "schema_migrations"."version" ASC[0m
Processing by Api::V1::TripsController#show as JSON
Processing by Api::V1::UsersController#show as JSON
  Parameters: {"id"=>"2"}
  Parameters: {"id"=>"1"}
  [1m[36mUser Load (0.2ms)[0m  [1m[34mSELECT  "users".* FROM "users" WHERE "users"."id" = $1 LIMIT $2[0m  [["id", 1], ["LIMIT", 1]]
  [1m[36mTrip Load (0.2ms)[0m  [1m[34mSELECT  "trips".* FROM "trips" WHERE "trips"."id" = $1 LIMIT $2[0m  [["id", 2], ["LIMIT", 1]]
  [1m[36mTrip Load (0.4ms)[0m  [1m[34mSELECT "trips".* FROM "trips" INNER JOIN "trips_users" ON "trips"."id" = "trips_users"."trip_id" WHERE "trips_users"."user_id" = $1 ORDER BY "trips"."time_start" ASC[0m  [["user_id", 1]]
  [1m[36mItem Load (0.8ms)[0m  [1m[34mSELECT "items".* FROM "items" WHERE "items"."trip_id" = $1 ORDER BY "items"."time_start" ASC[0m  [["trip_id", 2]]
Completed 200 OK in 304ms (Views: 28.3ms | ActiveRecord: 65.6ms)


Completed 200 OK in 420ms (Views: 99.0ms | ActiveRecord: 30.5ms)


Started GET "/api/v1/items/9.json?suggestionType=restaurant&query=restaurants" for 10.0.2.2 at 2019-03-10 23:28:43 +0000
Processing by Api::V1::ItemsController#show as JSON
  Parameters: {"suggestionType"=>"restaurant", "query"=>"restaurants", "id"=>"9"}
  [1m[36mItem Load (0.7ms)[0m  [1m[34mSELECT  "items".* FROM "items" WHERE "items"."id" = $1 LIMIT $2[0m  [["id", 9], ["LIMIT", 1]]
Completed 200 OK in 2132ms (Views: 7.9ms | ActiveRecord: 0.7ms)


Started GET "/api/v1/users/1.json" for 10.0.2.2 at 2019-03-10 23:30:10 +0000
Started GET "/api/v1/trips/2.json" for 10.0.2.2 at 2019-03-10 23:30:10 +0000
  [1m[35m (0.7ms)[0m  [1m[34mSELECT "schema_migrations"."version" FROM "schema_migrations" ORDER BY "schema_migrations"."version" ASC[0m
  [1m[35m (0.4ms)[0m  [1m[34mSELECT "schema_migrations"."version" FROM "schema_migrations" ORDER BY "schema_migrations"."version" ASC[0m
Processing by Api::V1::UsersController#show as JSON
  Parameters: {"id"=>"1"}
Processing by Api::V1::TripsController#show as JSON
  Parameters: {"id"=>"2"}
  [1m[36mUser Load (0.3ms)[0m  [1m[34mSELECT  "users".* FROM "users" WHERE "users"."id" = $1 LIMIT $2[0m  [["id", 1], ["LIMIT", 1]]
  [1m[36mTrip Load (0.3ms)[0m  [1m[34mSELECT  "trips".* FROM "trips" WHERE "trips"."id" = $1 LIMIT $2[0m  [["id", 2], ["LIMIT", 1]]
  [1m[36mItem Load (0.7ms)[0m  [1m[34mSELECT "items".* FROM "items" WHERE "items"."trip_id" = $1 ORDER BY "items"."time_start" ASC[0m  [["trip_id", 2]]
  [1m[36mTrip Load (0.7ms)[0m  [1m[34mSELECT "trips".* FROM "trips" INNER JOIN "trips_users" ON "trips"."id" = "trips_users"."trip_id" WHERE "trips_users"."user_id" = $1 ORDER BY "trips"."time_start" ASC[0m  [["user_id", 1]]
Completed 200 OK in 312ms (Views: 25.7ms | ActiveRecord: 48.7ms)


Completed 200 OK in 320ms (Views: 30.9ms | ActiveRecord: 36.0ms)


Started GET "/api/v1/items/9.json?suggestionType=restaurant&query=restaurants" for 10.0.2.2 at 2019-03-10 23:30:11 +0000
Processing by Api::V1::ItemsController#show as JSON
  Parameters: {"suggestionType"=>"restaurant", "query"=>"restaurants", "id"=>"9"}
  [1m[36mItem Load (0.3ms)[0m  [1m[34mSELECT  "items".* FROM "items" WHERE "items"."id" = $1 LIMIT $2[0m  [["id", 9], ["LIMIT", 1]]
Completed 200 OK in 851ms (Views: 5.6ms | ActiveRecord: 0.3ms)


Started GET "/api/v1/trips/2.json" for 10.0.2.2 at 2019-03-10 23:30:28 +0000
Started GET "/api/v1/users/1.json" for 10.0.2.2 at 2019-03-10 23:30:28 +0000
Processing by Api::V1::TripsController#show as JSON
  Parameters: {"id"=>"2"}
Processing by Api::V1::UsersController#show as JSON
  Parameters: {"id"=>"1"}
  [1m[36mTrip Load (2.2ms)[0m  [1m[34mSELECT  "trips".* FROM "trips" WHERE "trips"."id" = $1 LIMIT $2[0m  [["id", 2], ["LIMIT", 1]]
  [1m[36mItem Load (0.8ms)[0m  [1m[34mSELECT "items".* FROM "items" WHERE "items"."trip_id" = $1 ORDER BY "items"."time_start" ASC[0m  [["trip_id", 2]]
Completed 200 OK in 28ms (Views: 16.9ms | ActiveRecord: 3.0ms)


  [1m[36mUser Load (0.6ms)[0m  [1m[34mSELECT  "users".* FROM "users" WHERE "users"."id" = $1 LIMIT $2[0m  [["id", 1], ["LIMIT", 1]]
  [1m[36mTrip Load (1.2ms)[0m  [1m[34mSELECT "trips".* FROM "trips" INNER JOIN "trips_users" ON "trips"."id" = "trips_users"."trip_id" WHERE "trips_users"."user_id" = $1 ORDER BY "trips"."time_start" ASC[0m  [["user_id", 1]]
Completed 200 OK in 51ms (Views: 14.0ms | ActiveRecord: 19.0ms)


Started GET "/api/v1/items/9.json?suggestionType=restaurant&query=restaurants" for 10.0.2.2 at 2019-03-10 23:30:28 +0000
Processing by Api::V1::ItemsController#show as JSON
  Parameters: {"suggestionType"=>"restaurant", "query"=>"restaurants", "id"=>"9"}
Started GET "/api/v1/items/9.json?suggestionType=point_of_interest&query=things%20to%20do" for 10.0.2.2 at 2019-03-10 23:30:29 +0000
Processing by Api::V1::ItemsController#show as JSON
  [1m[36mItem Load (15.5ms)[0m  [1m[34mSELECT  "items".* FROM "items" WHERE "items"."id" = $1 LIMIT $2[0m  [["id", 9], ["LIMIT", 1]]
  Parameters: {"suggestionType"=>"point_of_interest", "query"=>"things to do", "id"=>"9"}
  [1m[36mItem Load (0.7ms)[0m  [1m[34mSELECT  "items".* FROM "items" WHERE "items"."id" = $1 LIMIT $2[0m  [["id", 9], ["LIMIT", 1]]
Completed 200 OK in 300ms (Views: 13.6ms | ActiveRecord: 15.5ms)


Completed 200 OK in 1285ms (Views: 4.4ms | ActiveRecord: 1.4ms)


Started GET "/api/v1/users/1.json" for 10.0.2.2 at 2019-03-10 23:30:52 +0000
Started GET "/api/v1/trips/8.json" for 10.0.2.2 at 2019-03-10 23:30:52 +0000
Processing by Api::V1::UsersController#show as JSON
  Parameters: {"id"=>"1"}
Processing by Api::V1::TripsController#show as JSON
  Parameters: {"id"=>"8"}
  [1m[36mUser Load (0.5ms)[0m  [1m[34mSELECT  "users".* FROM "users" WHERE "users"."id" = $1 LIMIT $2[0m  [["id", 1], ["LIMIT", 1]]
  [1m[36mTrip Load (2.0ms)[0m  [1m[34mSELECT  "trips".* FROM "trips" WHERE "trips"."id" = $1 LIMIT $2[0m  [["id", 8], ["LIMIT", 1]]
  [1m[36mTrip Load (0.7ms)[0m  [1m[34mSELECT "trips".* FROM "trips" INNER JOIN "trips_users" ON "trips"."id" = "trips_users"."trip_id" WHERE "trips_users"."user_id" = $1 ORDER BY "trips"."time_start" ASC[0m  [["user_id", 1]]
  [1m[36mItem Load (1.2ms)[0m  [1m[34mSELECT "items".* FROM "items" WHERE "items"."trip_id" = $1 ORDER BY "items"."time_start" ASC[0m  [["trip_id", 8]]
Completed 200 OK in 19ms (Views: 11.3ms | ActiveRecord: 3.3ms)


Completed 200 OK in 20ms (Views: 13.8ms | ActiveRecord: 1.2ms)


Started GET "/api/v1/trips/2.json" for 10.0.2.2 at 2019-03-10 23:30:56 +0000
Processing by Api::V1::TripsController#show as JSON
  Parameters: {"id"=>"2"}
  [1m[36mTrip Load (0.3ms)[0m  [1m[34mSELECT  "trips".* FROM "trips" WHERE "trips"."id" = $1 LIMIT $2[0m  [["id", 2], ["LIMIT", 1]]
  [1m[36mItem Load (0.7ms)[0m  [1m[34mSELECT "items".* FROM "items" WHERE "items"."trip_id" = $1 ORDER BY "items"."time_start" ASC[0m  [["trip_id", 2]]
Completed 200 OK in 16ms (Views: 7.6ms | ActiveRecord: 0.9ms)


Started GET "/api/v1/items/9.json?suggestionType=restaurant&query=restaurants" for 10.0.2.2 at 2019-03-10 23:30:56 +0000
Started GET "/api/v1/items/9.json?suggestionType=point_of_interest&query=things%20to%20do" for 10.0.2.2 at 2019-03-10 23:30:56 +0000
Processing by Api::V1::ItemsController#show as JSON
  Parameters: {"suggestionType"=>"restaurant", "query"=>"restaurants", "id"=>"9"}
Processing by Api::V1::ItemsController#show as JSON
  [1m[36mItem Load (0.4ms)[0m  [1m[34mSELECT  "items".* FROM "items" WHERE "items"."id" = $1 LIMIT $2[0m  [["id", 9], ["LIMIT", 1]]
  Parameters: {"suggestionType"=>"point_of_interest", "query"=>"things to do", "id"=>"9"}
  [1m[36mItem Load (2.1ms)[0m  [1m[34mSELECT  "items".* FROM "items" WHERE "items"."id" = $1 LIMIT $2[0m  [["id", 9], ["LIMIT", 1]]
Completed 200 OK in 204ms (Views: 2.9ms | ActiveRecord: 2.1ms)


Completed 200 OK in 322ms (Views: 15.7ms | ActiveRecord: 0.4ms)


Started GET "/api/v1/trips/9.json" for 10.0.2.2 at 2019-03-10 23:31:01 +0000
Processing by Api::V1::TripsController#show as JSON
  Parameters: {"id"=>"9"}
  [1m[36mTrip Load (0.3ms)[0m  [1m[34mSELECT  "trips".* FROM "trips" WHERE "trips"."id" = $1 LIMIT $2[0m  [["id", 9], ["LIMIT", 1]]
  [1m[36mItem Load (1.0ms)[0m  [1m[34mSELECT "items".* FROM "items" WHERE "items"."trip_id" = $1 ORDER BY "items"."time_start" ASC[0m  [["trip_id", 9]]
Completed 200 OK in 14ms (Views: 8.5ms | ActiveRecord: 1.4ms)


Started GET "/api/v1/trips/8.json" for 10.0.2.2 at 2019-03-10 23:31:04 +0000
Processing by Api::V1::TripsController#show as JSON
  Parameters: {"id"=>"8"}
  [1m[36mTrip Load (0.2ms)[0m  [1m[34mSELECT  "trips".* FROM "trips" WHERE "trips"."id" = $1 LIMIT $2[0m  [["id", 8], ["LIMIT", 1]]
  [1m[36mItem Load (0.5ms)[0m  [1m[34mSELECT "items".* FROM "items" WHERE "items"."trip_id" = $1 ORDER BY "items"."time_start" ASC[0m  [["trip_id", 8]]
Completed 200 OK in 6ms (Views: 2.6ms | ActiveRecord: 0.7ms)


Started GET "/api/v1/trips/2.json" for 10.0.2.2 at 2019-03-10 23:31:05 +0000
Processing by Api::V1::TripsController#show as JSON
  Parameters: {"id"=>"2"}
  [1m[36mTrip Load (0.5ms)[0m  [1m[34mSELECT  "trips".* FROM "trips" WHERE "trips"."id" = $1 LIMIT $2[0m  [["id", 2], ["LIMIT", 1]]
  [1m[36mItem Load (1.0ms)[0m  [1m[34mSELECT "items".* FROM "items" WHERE "items"."trip_id" = $1 ORDER BY "items"."time_start" ASC[0m  [["trip_id", 2]]
Completed 200 OK in 13ms (Views: 7.7ms | ActiveRecord: 1.5ms)


Started GET "/api/v1/items/9.json?suggestionType=restaurant&query=restaurants" for 10.0.2.2 at 2019-03-10 23:31:06 +0000
Started GET "/api/v1/items/9.json?suggestionType=point_of_interest&query=things%20to%20do" for 10.0.2.2 at 2019-03-10 23:31:06 +0000
Processing by Api::V1::ItemsController#show as JSON
  Parameters: {"suggestionType"=>"restaurant", "query"=>"restaurants", "id"=>"9"}
Processing by Api::V1::ItemsController#show as JSON
  Parameters: {"suggestionType"=>"point_of_interest", "query"=>"things to do", "id"=>"9"}
  [1m[36mItem Load (0.3ms)[0m  [1m[34mSELECT  "items".* FROM "items" WHERE "items"."id" = $1 LIMIT $2[0m  [["id", 9], ["LIMIT", 1]]
  [1m[36mItem Load (1.9ms)[0m  [1m[34mSELECT  "items".* FROM "items" WHERE "items"."id" = $1 LIMIT $2[0m  [["id", 9], ["LIMIT", 1]]
Completed 200 OK in 166ms (Views: 1.7ms | ActiveRecord: 0.3ms)


Completed 200 OK in 223ms (Views: 3.6ms | ActiveRecord: 1.9ms)


Started GET "/api/v1/trips/5.json" for 10.0.2.2 at 2019-03-10 23:31:10 +0000
Processing by Api::V1::TripsController#show as JSON
  Parameters: {"id"=>"5"}
  [1m[36mTrip Load (0.2ms)[0m  [1m[34mSELECT  "trips".* FROM "trips" WHERE "trips"."id" = $1 LIMIT $2[0m  [["id", 5], ["LIMIT", 1]]
  [1m[36mItem Load (0.4ms)[0m  [1m[34mSELECT "items".* FROM "items" WHERE "items"."trip_id" = $1 ORDER BY "items"."time_start" ASC[0m  [["trip_id", 5]]
Completed 200 OK in 5ms (Views: 2.0ms | ActiveRecord: 0.6ms)


Started GET "/api/v1/trips/2.json" for 10.0.2.2 at 2019-03-10 23:31:11 +0000
Processing by Api::V1::TripsController#show as JSON
  Parameters: {"id"=>"2"}
  [1m[36mTrip Load (0.2ms)[0m  [1m[34mSELECT  "trips".* FROM "trips" WHERE "trips"."id" = $1 LIMIT $2[0m  [["id", 2], ["LIMIT", 1]]
  [1m[36mItem Load (0.5ms)[0m  [1m[34mSELECT "items".* FROM "items" WHERE "items"."trip_id" = $1 ORDER BY "items"."time_start" ASC[0m  [["trip_id", 2]]
Completed 200 OK in 9ms (Views: 5.2ms | ActiveRecord: 0.7ms)


Started GET "/api/v1/items/9.json?suggestionType=point_of_interest&query=things%20to%20do" for 10.0.2.2 at 2019-03-10 23:31:11 +0000
Started GET "/api/v1/items/9.json?suggestionType=restaurant&query=restaurants" for 10.0.2.2 at 2019-03-10 23:31:12 +0000
Processing by Api::V1::ItemsController#show as JSON
  Parameters: {"suggestionType"=>"point_of_interest", "query"=>"things to do", "id"=>"9"}
Processing by Api::V1::ItemsController#show as JSON
  Parameters: {"suggestionType"=>"restaurant", "query"=>"restaurants", "id"=>"9"}
  [1m[36mItem Load (1.4ms)[0m  [1m[34mSELECT  "items".* FROM "items" WHERE "items"."id" = $1 LIMIT $2[0m  [["id", 9], ["LIMIT", 1]]
  [1m[36mItem Load (7.8ms)[0m  [1m[34mSELECT  "items".* FROM "items" WHERE "items"."id" = $1 LIMIT $2[0m  [["id", 9], ["LIMIT", 1]]
Completed 200 OK in 139ms (Views: 2.9ms | ActiveRecord: 1.4ms)


Completed 200 OK in 757ms (Views: 3.7ms | ActiveRecord: 7.8ms)


Started GET "/api/v1/trips/8.json" for 10.0.2.2 at 2019-03-10 23:31:13 +0000
Processing by Api::V1::TripsController#show as JSON
  Parameters: {"id"=>"8"}
  [1m[36mTrip Load (1.1ms)[0m  [1m[34mSELECT  "trips".* FROM "trips" WHERE "trips"."id" = $1 LIMIT $2[0m  [["id", 8], ["LIMIT", 1]]
  [1m[36mItem Load (0.7ms)[0m  [1m[34mSELECT "items".* FROM "items" WHERE "items"."trip_id" = $1 ORDER BY "items"."time_start" ASC[0m  [["trip_id", 8]]
Completed 200 OK in 10ms (Views: 1.9ms | ActiveRecord: 1.8ms)


Started GET "/api/v1/trips/9.json" for 10.0.2.2 at 2019-03-10 23:31:13 +0000
Processing by Api::V1::TripsController#show as JSON
  Parameters: {"id"=>"9"}
  [1m[36mTrip Load (0.2ms)[0m  [1m[34mSELECT  "trips".* FROM "trips" WHERE "trips"."id" = $1 LIMIT $2[0m  [["id", 9], ["LIMIT", 1]]
  [1m[36mItem Load (0.3ms)[0m  [1m[34mSELECT "items".* FROM "items" WHERE "items"."trip_id" = $1 ORDER BY "items"."time_start" ASC[0m  [["trip_id", 9]]
Completed 200 OK in 8ms (Views: 4.6ms | ActiveRecord: 0.6ms)


Started GET "/api/v1/items/26.json?suggestionType=point_of_interest&query=things%20to%20do" for 10.0.2.2 at 2019-03-10 23:31:13 +0000
Started GET "/api/v1/items/26.json?suggestionType=restaurant&query=restaurants" for 10.0.2.2 at 2019-03-10 23:31:14 +0000
Processing by Api::V1::ItemsController#show as JSON
  Parameters: {"suggestionType"=>"point_of_interest", "query"=>"things to do", "id"=>"26"}
Processing by Api::V1::ItemsController#show as JSON
  Parameters: {"suggestionType"=>"restaurant", "query"=>"restaurants", "id"=>"26"}
  [1m[36mItem Load (0.8ms)[0m  [1m[34mSELECT  "items".* FROM "items" WHERE "items"."id" = $1 LIMIT $2[0m  [["id", 26], ["LIMIT", 1]]
  [1m[36mItem Load (0.6ms)[0m  [1m[34mSELECT  "items".* FROM "items" WHERE "items"."id" = $1 LIMIT $2[0m  [["id", 26], ["LIMIT", 1]]
Completed 200 OK in 1583ms (Views: 4.1ms | ActiveRecord: 0.8ms)


Completed 200 OK in 1589ms (Views: 7.3ms | ActiveRecord: 0.6ms)


Started GET "/api/v1/trips/2.json" for 10.0.2.2 at 2019-03-10 23:31:35 +0000
Processing by Api::V1::TripsController#show as JSON
  Parameters: {"id"=>"2"}
  [1m[36mTrip Load (3.0ms)[0m  [1m[34mSELECT  "trips".* FROM "trips" WHERE "trips"."id" = $1 LIMIT $2[0m  [["id", 2], ["LIMIT", 1]]
  [1m[36mItem Load (6.4ms)[0m  [1m[34mSELECT "items".* FROM "items" WHERE "items"."trip_id" = $1 ORDER BY "items"."time_start" ASC[0m  [["trip_id", 2]]
Completed 200 OK in 23ms (Views: 4.6ms | ActiveRecord: 9.3ms)


Started GET "/api/v1/trips/2.json" for 10.0.2.2 at 2019-03-10 23:31:45 +0000
Processing by Api::V1::TripsController#show as JSON
  Parameters: {"id"=>"2"}
Started GET "/api/v1/users/1.json" for 10.0.2.2 at 2019-03-10 23:31:45 +0000
  [1m[36mTrip Load (0.8ms)[0m  [1m[34mSELECT  "trips".* FROM "trips" WHERE "trips"."id" = $1 LIMIT $2[0m  [["id", 2], ["LIMIT", 1]]
Processing by Api::V1::UsersController#show as JSON
  Parameters: {"id"=>"1"}
  [1m[36mItem Load (0.7ms)[0m  [1m[34mSELECT "items".* FROM "items" WHERE "items"."trip_id" = $1 ORDER BY "items"."time_start" ASC[0m  [["trip_id", 2]]
Completed 200 OK in 35ms (Views: 6.4ms | ActiveRecord: 1.5ms)


  [1m[36mUser Load (0.3ms)[0m  [1m[34mSELECT  "users".* FROM "users" WHERE "users"."id" = $1 LIMIT $2[0m  [["id", 1], ["LIMIT", 1]]
  [1m[36mTrip Load (0.5ms)[0m  [1m[34mSELECT "trips".* FROM "trips" INNER JOIN "trips_users" ON "trips"."id" = "trips_users"."trip_id" WHERE "trips_users"."user_id" = $1 ORDER BY "trips"."time_start" ASC[0m  [["user_id", 1]]
Completed 200 OK in 16ms (Views: 5.3ms | ActiveRecord: 0.7ms)


Started GET "/api/v1/items/9.json?suggestionType=point_of_interest&query=things%20to%20do" for 10.0.2.2 at 2019-03-10 23:31:45 +0000
Processing by Api::V1::ItemsController#show as JSON
  Parameters: {"suggestionType"=>"point_of_interest", "query"=>"things to do", "id"=>"9"}
Started GET "/api/v1/items/9.json?suggestionType=restaurant&query=restaurants" for 10.0.2.2 at 2019-03-10 23:31:45 +0000
Processing by Api::V1::ItemsController#show as JSON
  Parameters: {"suggestionType"=>"restaurant", "query"=>"restaurants", "id"=>"9"}
  [1m[36mItem Load (11.2ms)[0m  [1m[34mSELECT  "items".* FROM "items" WHERE "items"."id" = $1 LIMIT $2[0m  [["id", 9], ["LIMIT", 1]]
  [1m[36mItem Load (12.4ms)[0m  [1m[34mSELECT  "items".* FROM "items" WHERE "items"."id" = $1 LIMIT $2[0m  [["id", 9], ["LIMIT", 1]]
Completed 200 OK in 596ms (Views: 5.6ms | ActiveRecord: 12.4ms)


Completed 200 OK in 1052ms (Views: 2.5ms | ActiveRecord: 11.2ms)


Started GET "/api/v1/trips/2.json" for 10.0.2.2 at 2019-03-10 23:32:26 +0000
Started GET "/api/v1/users/1.json" for 10.0.2.2 at 2019-03-10 23:32:26 +0000
Processing by Api::V1::TripsController#show as JSON
Processing by Api::V1::UsersController#show as JSON
  Parameters: {"id"=>"2"}
  Parameters: {"id"=>"1"}
  [1m[36mTrip Load (0.9ms)[0m  [1m[34mSELECT  "trips".* FROM "trips" WHERE "trips"."id" = $1 LIMIT $2[0m  [["id", 2], ["LIMIT", 1]]
  [1m[36mItem Load (2.2ms)[0m  [1m[34mSELECT "items".* FROM "items" WHERE "items"."trip_id" = $1 ORDER BY "items"."time_start" ASC[0m  [["trip_id", 2]]
  [1m[36mUser Load (1.7ms)[0m  [1m[34mSELECT  "users".* FROM "users" WHERE "users"."id" = $1 LIMIT $2[0m  [["id", 1], ["LIMIT", 1]]
Completed 200 OK in 17ms (Views: 6.0ms | ActiveRecord: 3.1ms)


  [1m[36mTrip Load (2.0ms)[0m  [1m[34mSELECT "trips".* FROM "trips" INNER JOIN "trips_users" ON "trips"."id" = "trips_users"."trip_id" WHERE "trips_users"."user_id" = $1 ORDER BY "trips"."time_start" ASC[0m  [["user_id", 1]]
Completed 200 OK in 28ms (Views: 9.2ms | ActiveRecord: 3.7ms)


Started GET "/api/v1/items/9.json?suggestionType=point_of_interest&query=things%20to%20do" for 10.0.2.2 at 2019-03-10 23:32:26 +0000
Processing by Api::V1::ItemsController#show as JSON
Started GET "/api/v1/items/9.json?suggestionType=restaurant&query=restaurants" for 10.0.2.2 at 2019-03-10 23:32:26 +0000
  Parameters: {"suggestionType"=>"point_of_interest", "query"=>"things to do", "id"=>"9"}
Processing by Api::V1::ItemsController#show as JSON
  [1m[36mItem Load (0.8ms)[0m  [1m[34mSELECT  "items".* FROM "items" WHERE "items"."id" = $1 LIMIT $2[0m  [["id", 9], ["LIMIT", 1]]
  Parameters: {"suggestionType"=>"restaurant", "query"=>"restaurants", "id"=>"9"}
  [1m[36mItem Load (0.4ms)[0m  [1m[34mSELECT  "items".* FROM "items" WHERE "items"."id" = $1 LIMIT $2[0m  [["id", 9], ["LIMIT", 1]]
Completed 200 OK in 158ms (Views: 2.4ms | ActiveRecord: 0.8ms)


Completed 200 OK in 1417ms (Views: 6.6ms | ActiveRecord: 0.4ms)


Started GET "/api/v1/users/1.json" for 10.0.2.2 at 2019-03-10 23:32:49 +0000
Processing by Api::V1::UsersController#show as JSON
Started GET "/api/v1/trips/2.json" for 10.0.2.2 at 2019-03-10 23:32:49 +0000
  Parameters: {"id"=>"1"}
Processing by Api::V1::TripsController#show as JSON
  Parameters: {"id"=>"2"}
  [1m[36mTrip Load (0.4ms)[0m  [1m[34mSELECT  "trips".* FROM "trips" WHERE "trips"."id" = $1 LIMIT $2[0m  [["id", 2], ["LIMIT", 1]]
  [1m[36mUser Load (2.9ms)[0m  [1m[34mSELECT  "users".* FROM "users" WHERE "users"."id" = $1 LIMIT $2[0m  [["id", 1], ["LIMIT", 1]]
  [1m[36mItem Load (0.7ms)[0m  [1m[34mSELECT "items".* FROM "items" WHERE "items"."trip_id" = $1 ORDER BY "items"."time_start" ASC[0m  [["trip_id", 2]]
Completed 200 OK in 14ms (Views: 9.7ms | ActiveRecord: 1.1ms)


  [1m[36mTrip Load (6.9ms)[0m  [1m[34mSELECT "trips".* FROM "trips" INNER JOIN "trips_users" ON "trips"."id" = "trips_users"."trip_id" WHERE "trips_users"."user_id" = $1 ORDER BY "trips"."time_start" ASC[0m  [["user_id", 1]]
Completed 200 OK in 43ms (Views: 26.1ms | ActiveRecord: 9.8ms)


Started GET "/api/v1/items/9.json?suggestionType=restaurant&query=restaurants" for 10.0.2.2 at 2019-03-10 23:32:49 +0000
Started GET "/api/v1/items/9.json?suggestionType=point_of_interest&query=things%20to%20do" for 10.0.2.2 at 2019-03-10 23:32:49 +0000
Processing by Api::V1::ItemsController#show as JSON
  Parameters: {"suggestionType"=>"restaurant", "query"=>"restaurants", "id"=>"9"}
Processing by Api::V1::ItemsController#show as JSON
  Parameters: {"suggestionType"=>"point_of_interest", "query"=>"things to do", "id"=>"9"}
  [1m[36mItem Load (1.7ms)[0m  [1m[34mSELECT  "items".* FROM "items" WHERE "items"."id" = $1 LIMIT $2[0m  [["id", 9], ["LIMIT", 1]]
  [1m[36mItem Load (3.5ms)[0m  [1m[34mSELECT  "items".* FROM "items" WHERE "items"."id" = $1 LIMIT $2[0m  [["id", 9], ["LIMIT", 1]]
Completed 200 OK in 181ms (Views: 5.0ms | ActiveRecord: 1.7ms)


Completed 200 OK in 730ms (Views: 5.5ms | ActiveRecord: 3.5ms)


Started GET "/api/v1/users/1.json" for 10.0.2.2 at 2019-03-10 23:33:36 +0000
Processing by Api::V1::UsersController#show as JSON
  Parameters: {"id"=>"1"}
  [1m[36mUser Load (1.5ms)[0m  [1m[34mSELECT  "users".* FROM "users" WHERE "users"."id" = $1 LIMIT $2[0m  [["id", 1], ["LIMIT", 1]]
  [1m[36mTrip Load (1.9ms)[0m  [1m[34mSELECT "trips".* FROM "trips" INNER JOIN "trips_users" ON "trips"."id" = "trips_users"."trip_id" WHERE "trips_users"."user_id" = $1 ORDER BY "trips"."time_start" ASC[0m  [["user_id", 1]]
Completed 200 OK in 12ms (Views: 4.1ms | ActiveRecord: 3.3ms)


Started GET "/api/v1/trips/10.json" for 10.0.2.2 at 2019-03-10 23:33:41 +0000
Processing by Api::V1::TripsController#show as JSON
  Parameters: {"id"=>"10"}
  [1m[36mTrip Load (0.5ms)[0m  [1m[34mSELECT  "trips".* FROM "trips" WHERE "trips"."id" = $1 LIMIT $2[0m  [["id", 10], ["LIMIT", 1]]
  [1m[36mItem Load (0.7ms)[0m  [1m[34mSELECT "items".* FROM "items" WHERE "items"."trip_id" = $1 ORDER BY "items"."time_start" ASC[0m  [["trip_id", 10]]
Completed 200 OK in 10ms (Views: 3.0ms | ActiveRecord: 1.2ms)


Started POST "/api/v1/items" for 10.0.2.2 at 2019-03-10 23:34:09 +0000
Processing by Api::V1::ItemsController#create as HTML
  Parameters: {"item_type"=>"A", "trip_id"=>"10", "address"=>"721 Government St, Victoria, BC V8W 1W5, Canada", "venue"=>"Fairmont Empress Hotel, Government Street, Victoria, BC, Canada", "geo_location"=>"48.42163420000001 -123.36741110000003", "time_start"=>"2019-03-10T23:00:00.899Z", "time_end"=>"2019-03-11T00:30:00.653Z", "item"=>{"time_start"=>"2019-03-10T23:00:00.899Z", "time_end"=>"2019-03-11T00:30:00.653Z", "item_type"=>"A", "venue"=>"Fairmont Empress Hotel, Government Street, Victoria, BC, Canada", "address"=>"721 Government St, Victoria, BC V8W 1W5, Canada", "trip_id"=>"10", "geo_location"=>"48.42163420000001 -123.36741110000003"}}
  [1m[35m (0.1ms)[0m  [1m[35mBEGIN[0m
  [1m[36mTrip Load (0.2ms)[0m  [1m[34mSELECT  "trips".* FROM "trips" WHERE "trips"."id" = $1 LIMIT $2[0m  [["id", 10], ["LIMIT", 1]]
  [1m[35mSQL (0.6ms)[0m  [1m[32mINSERT INTO "items" ("time_start", "time_end", "item_type", "venue", "address", "trip_id", "created_at", "updated_at", "geo_location") VALUES ($1, $2, $3, $4, $5, $6, $7, $8, $9) RETURNING "id"[0m  [["time_start", "2019-03-10 23:00:00.899000"], ["time_end", "2019-03-11 00:30:00.653000"], ["item_type", "A"], ["venue", "Fairmont Empress Hotel, Government Street, Victoria, BC, Canada"], ["address", "721 Government St, Victoria, BC V8W 1W5, Canada"], ["trip_id", 10], ["created_at", "2019-03-10 23:34:09.381833"], ["updated_at", "2019-03-10 23:34:09.381833"], ["geo_location", "48.42163420000001 -123.36741110000003"]]
  [1m[35m (1.3ms)[0m  [1m[35mCOMMIT[0m
  [1m[36mTrip Load (0.3ms)[0m  [1m[34mSELECT  "trips".* FROM "trips" WHERE "trips"."id" = $1 LIMIT $2[0m  [["id", 10], ["LIMIT", 1]]
  [1m[36mItem Load (0.4ms)[0m  [1m[34mSELECT "items".* FROM "items" WHERE "items"."trip_id" = $1 ORDER BY "items"."time_start" ASC[0m  [["trip_id", 10]]
Completed 200 OK in 18ms (Views: 1.5ms | ActiveRecord: 2.9ms)


Started GET "/api/v1/items/27.json?suggestionType=restaurant&query=restaurants" for 10.0.2.2 at 2019-03-10 23:34:09 +0000
Started GET "/api/v1/items/27.json?suggestionType=point_of_interest&query=things%20to%20do" for 10.0.2.2 at 2019-03-10 23:34:09 +0000
Processing by Api::V1::ItemsController#show as JSON
Processing by Api::V1::ItemsController#show as JSON
  Parameters: {"suggestionType"=>"restaurant", "query"=>"restaurants", "id"=>"27"}
  Parameters: {"suggestionType"=>"point_of_interest", "query"=>"things to do", "id"=>"27"}
  [1m[36mItem Load (0.8ms)[0m  [1m[34mSELECT  "items".* FROM "items" WHERE "items"."id" = $1 LIMIT $2[0m  [["id", 27], ["LIMIT", 1]]
  [1m[36mItem Load (3.1ms)[0m  [1m[34mSELECT  "items".* FROM "items" WHERE "items"."id" = $1 LIMIT $2[0m  [["id", 27], ["LIMIT", 1]]
Completed 200 OK in 1885ms (Views: 4.7ms | ActiveRecord: 0.8ms)


Completed 200 OK in 1884ms (Views: 6.2ms | ActiveRecord: 3.1ms)


Started GET "/api/v1/trips/7.json" for 10.0.2.2 at 2019-03-10 23:34:21 +0000
Processing by Api::V1::TripsController#show as JSON
  Parameters: {"id"=>"7"}
  [1m[36mTrip Load (0.6ms)[0m  [1m[34mSELECT  "trips".* FROM "trips" WHERE "trips"."id" = $1 LIMIT $2[0m  [["id", 7], ["LIMIT", 1]]
  [1m[36mItem Load (0.6ms)[0m  [1m[34mSELECT "items".* FROM "items" WHERE "items"."trip_id" = $1 ORDER BY "items"."time_start" ASC[0m  [["trip_id", 7]]
Completed 200 OK in 15ms (Views: 7.0ms | ActiveRecord: 1.2ms)


Started GET "/api/v1/trips/2.json" for 10.0.2.2 at 2019-03-10 23:34:22 +0000
Processing by Api::V1::TripsController#show as JSON
  Parameters: {"id"=>"2"}
  [1m[36mTrip Load (0.5ms)[0m  [1m[34mSELECT  "trips".* FROM "trips" WHERE "trips"."id" = $1 LIMIT $2[0m  [["id", 2], ["LIMIT", 1]]
  [1m[36mItem Load (2.2ms)[0m  [1m[34mSELECT "items".* FROM "items" WHERE "items"."trip_id" = $1 ORDER BY "items"."time_start" ASC[0m  [["trip_id", 2]]
Completed 200 OK in 16ms (Views: 8.5ms | ActiveRecord: 2.7ms)


Started GET "/api/v1/items/9.json?suggestionType=point_of_interest&query=things%20to%20do" for 10.0.2.2 at 2019-03-10 23:34:22 +0000
Started GET "/api/v1/items/9.json?suggestionType=restaurant&query=restaurants" for 10.0.2.2 at 2019-03-10 23:34:23 +0000
Processing by Api::V1::ItemsController#show as JSON
Processing by Api::V1::ItemsController#show as JSON
  Parameters: {"suggestionType"=>"point_of_interest", "query"=>"things to do", "id"=>"9"}
  Parameters: {"suggestionType"=>"restaurant", "query"=>"restaurants", "id"=>"9"}
  [1m[36mItem Load (0.5ms)[0m  [1m[34mSELECT  "items".* FROM "items" WHERE "items"."id" = $1 LIMIT $2[0m  [["id", 9], ["LIMIT", 1]]
  [1m[36mItem Load (1.7ms)[0m  [1m[34mSELECT  "items".* FROM "items" WHERE "items"."id" = $1 LIMIT $2[0m  [["id", 9], ["LIMIT", 1]]
Completed 200 OK in 1810ms (Views: 1.7ms | ActiveRecord: 0.5ms)


Completed 200 OK in 1834ms (Views: 21.6ms | ActiveRecord: 1.7ms)


Started GET "/api/v1/trips/2.json" for 10.0.2.2 at 2019-03-10 23:34:58 +0000
Processing by Api::V1::TripsController#show as JSON
  Parameters: {"id"=>"2"}
Started GET "/api/v1/users/1.json" for 10.0.2.2 at 2019-03-10 23:34:58 +0000
Processing by Api::V1::UsersController#show as JSON
  Parameters: {"id"=>"1"}
  [1m[36mTrip Load (1.2ms)[0m  [1m[34mSELECT  "trips".* FROM "trips" WHERE "trips"."id" = $1 LIMIT $2[0m  [["id", 2], ["LIMIT", 1]]
  [1m[36mUser Load (4.4ms)[0m  [1m[34mSELECT  "users".* FROM "users" WHERE "users"."id" = $1 LIMIT $2[0m  [["id", 1], ["LIMIT", 1]]
  [1m[36mItem Load (6.2ms)[0m  [1m[34mSELECT "items".* FROM "items" WHERE "items"."trip_id" = $1 ORDER BY "items"."time_start" ASC[0m  [["trip_id", 2]]
  [1m[36mTrip Load (1.0ms)[0m  [1m[34mSELECT "trips".* FROM "trips" INNER JOIN "trips_users" ON "trips"."id" = "trips_users"."trip_id" WHERE "trips_users"."user_id" = $1 ORDER BY "trips"."time_start" ASC[0m  [["user_id", 1]]
Completed 200 OK in 33ms (Views: 6.2ms | ActiveRecord: 7.3ms)


Completed 200 OK in 22ms (Views: 11.6ms | ActiveRecord: 5.4ms)


Started GET "/api/v1/items/9.json?suggestionType=point_of_interest&query=things%20to%20do" for 10.0.2.2 at 2019-03-10 23:34:58 +0000
Started GET "/api/v1/items/9.json?suggestionType=restaurant&query=restaurants" for 10.0.2.2 at 2019-03-10 23:34:58 +0000
Processing by Api::V1::ItemsController#show as JSON
Processing by Api::V1::ItemsController#show as JSON
  Parameters: {"suggestionType"=>"restaurant", "query"=>"restaurants", "id"=>"9"}
  Parameters: {"suggestionType"=>"point_of_interest", "query"=>"things to do", "id"=>"9"}
  [1m[36mItem Load (4.0ms)[0m  [1m[34mSELECT  "items".* FROM "items" WHERE "items"."id" = $1 LIMIT $2[0m  [["id", 9], ["LIMIT", 1]]
  [1m[36mItem Load (1.4ms)[0m  [1m[34mSELECT  "items".* FROM "items" WHERE "items"."id" = $1 LIMIT $2[0m  [["id", 9], ["LIMIT", 1]]
Completed 200 OK in 180ms (Views: 8.1ms | ActiveRecord: 1.4ms)


Completed 200 OK in 204ms (Views: 6.5ms | ActiveRecord: 4.0ms)


Started GET "/api/v1/users/1.json" for 10.0.2.2 at 2019-03-10 23:36:17 +0000
Processing by Api::V1::UsersController#show as JSON
Started GET "/api/v1/trips/2.json" for 10.0.2.2 at 2019-03-10 23:36:17 +0000
  Parameters: {"id"=>"1"}
Processing by Api::V1::TripsController#show as JSON
  Parameters: {"id"=>"2"}
  [1m[36mTrip Load (0.1ms)[0m  [1m[34mSELECT  "trips".* FROM "trips" WHERE "trips"."id" = $1 LIMIT $2[0m  [["id", 2], ["LIMIT", 1]]
  [1m[36mUser Load (8.8ms)[0m  [1m[34mSELECT  "users".* FROM "users" WHERE "users"."id" = $1 LIMIT $2[0m  [["id", 1], ["LIMIT", 1]]
  [1m[36mItem Load (0.5ms)[0m  [1m[34mSELECT "items".* FROM "items" WHERE "items"."trip_id" = $1 ORDER BY "items"."time_start" ASC[0m  [["trip_id", 2]]
  [1m[36mTrip Load (0.5ms)[0m  [1m[34mSELECT "trips".* FROM "trips" INNER JOIN "trips_users" ON "trips"."id" = "trips_users"."trip_id" WHERE "trips_users"."user_id" = $1 ORDER BY "trips"."time_start" ASC[0m  [["user_id", 1]]
Completed 200 OK in 27ms (Views: 14.8ms | ActiveRecord: 0.6ms)


Completed 200 OK in 46ms (Views: 32.2ms | ActiveRecord: 9.3ms)


Started GET "/api/v1/items/9.json?suggestionType=point_of_interest&query=things%20to%20do" for 10.0.2.2 at 2019-03-10 23:36:17 +0000
Started GET "/api/v1/items/9.json?suggestionType=restaurant&query=restaurants" for 10.0.2.2 at 2019-03-10 23:36:17 +0000
Processing by Api::V1::ItemsController#show as JSON
Processing by Api::V1::ItemsController#show as JSON
  Parameters: {"suggestionType"=>"point_of_interest", "query"=>"things to do", "id"=>"9"}
  Parameters: {"suggestionType"=>"restaurant", "query"=>"restaurants", "id"=>"9"}
  [1m[36mItem Load (0.1ms)[0m  [1m[34mSELECT  "items".* FROM "items" WHERE "items"."id" = $1 LIMIT $2[0m  [["id", 9], ["LIMIT", 1]]
  [1m[36mItem Load (1.3ms)[0m  [1m[34mSELECT  "items".* FROM "items" WHERE "items"."id" = $1 LIMIT $2[0m  [["id", 9], ["LIMIT", 1]]
Completed 200 OK in 761ms (Views: 11.1ms | ActiveRecord: 1.3ms)


Completed 200 OK in 783ms (Views: 11.5ms | ActiveRecord: 0.1ms)


Started GET "/api/v1/users/1.json" for 10.0.2.2 at 2019-03-10 23:36:36 +0000
Started GET "/api/v1/trips/2.json" for 10.0.2.2 at 2019-03-10 23:36:36 +0000
Processing by Api::V1::UsersController#show as JSON
  Parameters: {"id"=>"1"}
Processing by Api::V1::TripsController#show as JSON
  Parameters: {"id"=>"2"}
  [1m[36mUser Load (1.6ms)[0m  [1m[34mSELECT  "users".* FROM "users" WHERE "users"."id" = $1 LIMIT $2[0m  [["id", 1], ["LIMIT", 1]]
  [1m[36mTrip Load (1.3ms)[0m  [1m[34mSELECT  "trips".* FROM "trips" WHERE "trips"."id" = $1 LIMIT $2[0m  [["id", 2], ["LIMIT", 1]]
  [1m[36mTrip Load (2.3ms)[0m  [1m[34mSELECT "trips".* FROM "trips" INNER JOIN "trips_users" ON "trips"."id" = "trips_users"."trip_id" WHERE "trips_users"."user_id" = $1 ORDER BY "trips"."time_start" ASC[0m  [["user_id", 1]]
Completed 200 OK in 15ms (Views: 7.6ms | ActiveRecord: 3.9ms)


  [1m[36mItem Load (0.5ms)[0m  [1m[34mSELECT "items".* FROM "items" WHERE "items"."trip_id" = $1 ORDER BY "items"."time_start" ASC[0m  [["trip_id", 2]]
Completed 200 OK in 21ms (Views: 13.0ms | ActiveRecord: 1.8ms)


Started GET "/api/v1/items/9.json?suggestionType=point_of_interest&query=things%20to%20do" for 10.0.2.2 at 2019-03-10 23:36:36 +0000
Started GET "/api/v1/items/9.json?suggestionType=restaurant&query=restaurants" for 10.0.2.2 at 2019-03-10 23:36:36 +0000
Processing by Api::V1::ItemsController#show as JSON
  Parameters: {"suggestionType"=>"point_of_interest", "query"=>"things to do", "id"=>"9"}
Processing by Api::V1::ItemsController#show as JSON
  Parameters: {"suggestionType"=>"restaurant", "query"=>"restaurants", "id"=>"9"}
  [1m[36mItem Load (1.0ms)[0m  [1m[34mSELECT  "items".* FROM "items" WHERE "items"."id" = $1 LIMIT $2[0m  [["id", 9], ["LIMIT", 1]]
  [1m[36mItem Load (0.7ms)[0m  [1m[34mSELECT  "items".* FROM "items" WHERE "items"."id" = $1 LIMIT $2[0m  [["id", 9], ["LIMIT", 1]]
Completed 200 OK in 193ms (Views: 11.4ms | ActiveRecord: 1.0ms)


Completed 200 OK in 205ms (Views: 11.1ms | ActiveRecord: 0.7ms)


Started GET "/api/v1/users/1.json" for 10.0.2.2 at 2019-03-10 23:39:08 +0000
Started GET "/api/v1/trips/2.json" for 10.0.2.2 at 2019-03-10 23:39:08 +0000
Processing by Api::V1::UsersController#show as JSON
  Parameters: {"id"=>"1"}
Processing by Api::V1::TripsController#show as JSON
  Parameters: {"id"=>"2"}
  [1m[36mTrip Load (0.8ms)[0m  [1m[34mSELECT  "trips".* FROM "trips" WHERE "trips"."id" = $1 LIMIT $2[0m  [["id", 2], ["LIMIT", 1]]
  [1m[36mUser Load (1.7ms)[0m  [1m[34mSELECT  "users".* FROM "users" WHERE "users"."id" = $1 LIMIT $2[0m  [["id", 1], ["LIMIT", 1]]
  [1m[36mItem Load (0.5ms)[0m  [1m[34mSELECT "items".* FROM "items" WHERE "items"."trip_id" = $1 ORDER BY "items"."time_start" ASC[0m  [["trip_id", 2]]
Completed 200 OK in 15ms (Views: 8.7ms | ActiveRecord: 1.3ms)


  [1m[36mTrip Load (4.5ms)[0m  [1m[34mSELECT "trips".* FROM "trips" INNER JOIN "trips_users" ON "trips"."id" = "trips_users"."trip_id" WHERE "trips_users"."user_id" = $1 ORDER BY "trips"."time_start" ASC[0m  [["user_id", 1]]
Completed 200 OK in 22ms (Views: 5.9ms | ActiveRecord: 6.2ms)


Started GET "/api/v1/items/9.json?suggestionType=point_of_interest&query=things%20to%20do" for 10.0.2.2 at 2019-03-10 23:39:08 +0000
Started GET "/api/v1/items/9.json?suggestionType=restaurant&query=restaurants" for 10.0.2.2 at 2019-03-10 23:39:08 +0000
Processing by Api::V1::ItemsController#show as JSON
  Parameters: {"suggestionType"=>"point_of_interest", "query"=>"things to do", "id"=>"9"}
Processing by Api::V1::ItemsController#show as JSON
  Parameters: {"suggestionType"=>"restaurant", "query"=>"restaurants", "id"=>"9"}
  [1m[36mItem Load (0.3ms)[0m  [1m[34mSELECT  "items".* FROM "items" WHERE "items"."id" = $1 LIMIT $2[0m  [["id", 9], ["LIMIT", 1]]
  [1m[36mItem Load (2.1ms)[0m  [1m[34mSELECT  "items".* FROM "items" WHERE "items"."id" = $1 LIMIT $2[0m  [["id", 9], ["LIMIT", 1]]
Completed 200 OK in 794ms (Views: 2.4ms | ActiveRecord: 0.3ms)


Completed 200 OK in 833ms (Views: 9.3ms | ActiveRecord: 2.1ms)


Started GET "/api/v1/trips/2.json" for 10.0.2.2 at 2019-03-10 23:50:38 +0000
Processing by Api::V1::TripsController#show as JSON
  Parameters: {"id"=>"2"}
  [1m[36mTrip Load (0.2ms)[0m  [1m[34mSELECT  "trips".* FROM "trips" WHERE "trips"."id" = $1 LIMIT $2[0m  [["id", 2], ["LIMIT", 1]]
  [1m[36mItem Load (0.4ms)[0m  [1m[34mSELECT "items".* FROM "items" WHERE "items"."trip_id" = $1 ORDER BY "items"."time_start" ASC[0m  [["trip_id", 2]]
Started GET "/api/v1/users/1.json" for 10.0.2.2 at 2019-03-10 23:50:38 +0000
Completed 200 OK in 30ms (Views: 25.8ms | ActiveRecord: 0.6ms)


Processing by Api::V1::UsersController#show as JSON
  Parameters: {"id"=>"1"}
  [1m[36mUser Load (0.3ms)[0m  [1m[34mSELECT  "users".* FROM "users" WHERE "users"."id" = $1 LIMIT $2[0m  [["id", 1], ["LIMIT", 1]]
  [1m[36mTrip Load (0.6ms)[0m  [1m[34mSELECT "trips".* FROM "trips" INNER JOIN "trips_users" ON "trips"."id" = "trips_users"."trip_id" WHERE "trips_users"."user_id" = $1 ORDER BY "trips"."time_start" ASC[0m  [["user_id", 1]]
Completed 200 OK in 10ms (Views: 4.9ms | ActiveRecord: 0.9ms)


Started GET "/api/v1/items/9.json?suggestionType=point_of_interest&query=things%20to%20do" for 10.0.2.2 at 2019-03-10 23:50:38 +0000
Started GET "/api/v1/items/9.json?suggestionType=restaurant&query=restaurants" for 10.0.2.2 at 2019-03-10 23:50:38 +0000
Processing by Api::V1::ItemsController#show as JSON
  Parameters: {"suggestionType"=>"point_of_interest", "query"=>"things to do", "id"=>"9"}
Processing by Api::V1::ItemsController#show as JSON
  Parameters: {"suggestionType"=>"restaurant", "query"=>"restaurants", "id"=>"9"}
  [1m[36mItem Load (0.3ms)[0m  [1m[34mSELECT  "items".* FROM "items" WHERE "items"."id" = $1 LIMIT $2[0m  [["id", 9], ["LIMIT", 1]]
  [1m[36mItem Load (1.0ms)[0m  [1m[34mSELECT  "items".* FROM "items" WHERE "items"."id" = $1 LIMIT $2[0m  [["id", 9], ["LIMIT", 1]]
Completed 200 OK in 1013ms (Views: 3.3ms | ActiveRecord: 0.3ms)


Completed 200 OK in 1025ms (Views: 4.3ms | ActiveRecord: 1.0ms)


Started GET "/api/v1/users/1.json" for 10.0.2.2 at 2019-03-10 23:51:22 +0000
Started GET "/api/v1/trips/2.json" for 10.0.2.2 at 2019-03-10 23:51:22 +0000
Processing by Api::V1::UsersController#show as JSON
Processing by Api::V1::TripsController#show as JSON
  Parameters: {"id"=>"2"}
  Parameters: {"id"=>"1"}
  [1m[36mTrip Load (0.4ms)[0m  [1m[34mSELECT  "trips".* FROM "trips" WHERE "trips"."id" = $1 LIMIT $2[0m  [["id", 2], ["LIMIT", 1]]
  [1m[36mItem Load (0.7ms)[0m  [1m[34mSELECT "items".* FROM "items" WHERE "items"."trip_id" = $1 ORDER BY "items"."time_start" ASC[0m  [["trip_id", 2]]
  [1m[36mUser Load (0.7ms)[0m  [1m[34mSELECT  "users".* FROM "users" WHERE "users"."id" = $1 LIMIT $2[0m  [["id", 1], ["LIMIT", 1]]
Completed 200 OK in 12ms (Views: 6.4ms | ActiveRecord: 1.1ms)


  [1m[36mTrip Load (2.4ms)[0m  [1m[34mSELECT "trips".* FROM "trips" INNER JOIN "trips_users" ON "trips"."id" = "trips_users"."trip_id" WHERE "trips_users"."user_id" = $1 ORDER BY "trips"."time_start" ASC[0m  [["user_id", 1]]
Completed 200 OK in 26ms (Views: 11.1ms | ActiveRecord: 3.1ms)


Started GET "/api/v1/items/9.json?suggestionType=point_of_interest&query=things%20to%20do" for 10.0.2.2 at 2019-03-10 23:51:23 +0000
Processing by Api::V1::ItemsController#show as JSON
Started GET "/api/v1/items/9.json?suggestionType=restaurant&query=restaurants" for 10.0.2.2 at 2019-03-10 23:51:23 +0000
  Parameters: {"suggestionType"=>"point_of_interest", "query"=>"things to do", "id"=>"9"}
Processing by Api::V1::ItemsController#show as JSON
  Parameters: {"suggestionType"=>"restaurant", "query"=>"restaurants", "id"=>"9"}
  [1m[36mItem Load (2.5ms)[0m  [1m[34mSELECT  "items".* FROM "items" WHERE "items"."id" = $1 LIMIT $2[0m  [["id", 9], ["LIMIT", 1]]
  [1m[36mItem Load (2.1ms)[0m  [1m[34mSELECT  "items".* FROM "items" WHERE "items"."id" = $1 LIMIT $2[0m  [["id", 9], ["LIMIT", 1]]
Completed 200 OK in 618ms (Views: 4.8ms | ActiveRecord: 2.1ms)


Completed 200 OK in 630ms (Views: 2.1ms | ActiveRecord: 2.5ms)


Started GET "/api/v1/users/1.json" for 10.0.2.2 at 2019-03-10 23:52:26 +0000
Started GET "/api/v1/trips/2.json" for 10.0.2.2 at 2019-03-10 23:52:26 +0000
Processing by Api::V1::UsersController#show as JSON
Processing by Api::V1::TripsController#show as JSON
  Parameters: {"id"=>"1"}
  Parameters: {"id"=>"2"}
  [1m[36mUser Load (0.6ms)[0m  [1m[34mSELECT  "users".* FROM "users" WHERE "users"."id" = $1 LIMIT $2[0m  [["id", 1], ["LIMIT", 1]]
  [1m[36mTrip Load (4.0ms)[0m  [1m[34mSELECT  "trips".* FROM "trips" WHERE "trips"."id" = $1 LIMIT $2[0m  [["id", 2], ["LIMIT", 1]]
  [1m[36mTrip Load (3.8ms)[0m  [1m[34mSELECT "trips".* FROM "trips" INNER JOIN "trips_users" ON "trips"."id" = "trips_users"."trip_id" WHERE "trips_users"."user_id" = $1 ORDER BY "trips"."time_start" ASC[0m  [["user_id", 1]]
  [1m[36mItem Load (0.9ms)[0m  [1m[34mSELECT "items".* FROM "items" WHERE "items"."trip_id" = $1 ORDER BY "items"."time_start" ASC[0m  [["trip_id", 2]]
Completed 200 OK in 36ms (Views: 28.3ms | ActiveRecord: 4.4ms)


Completed 200 OK in 42ms (Views: 33.0ms | ActiveRecord: 4.9ms)


Started GET "/api/v1/items/9.json?suggestionType=point_of_interest&query=things%20to%20do" for 10.0.2.2 at 2019-03-10 23:52:26 +0000
Started GET "/api/v1/items/9.json?suggestionType=restaurant&query=restaurants" for 10.0.2.2 at 2019-03-10 23:52:26 +0000
Processing by Api::V1::ItemsController#show as JSON
Processing by Api::V1::ItemsController#show as JSON
  Parameters: {"suggestionType"=>"point_of_interest", "query"=>"things to do", "id"=>"9"}
  Parameters: {"suggestionType"=>"restaurant", "query"=>"restaurants", "id"=>"9"}
  [1m[36mItem Load (0.4ms)[0m  [1m[34mSELECT  "items".* FROM "items" WHERE "items"."id" = $1 LIMIT $2[0m  [["id", 9], ["LIMIT", 1]]
  [1m[36mItem Load (0.3ms)[0m  [1m[34mSELECT  "items".* FROM "items" WHERE "items"."id" = $1 LIMIT $2[0m  [["id", 9], ["LIMIT", 1]]
Completed 200 OK in 727ms (Views: 3.5ms | ActiveRecord: 0.4ms)


Completed 200 OK in 748ms (Views: 17.6ms | ActiveRecord: 0.3ms)


Started GET "/api/v1/trips/7.json" for 10.0.2.2 at 2019-03-10 23:52:34 +0000
Processing by Api::V1::TripsController#show as JSON
  Parameters: {"id"=>"7"}
  [1m[36mTrip Load (0.2ms)[0m  [1m[34mSELECT  "trips".* FROM "trips" WHERE "trips"."id" = $1 LIMIT $2[0m  [["id", 7], ["LIMIT", 1]]
  [1m[36mItem Load (0.4ms)[0m  [1m[34mSELECT "items".* FROM "items" WHERE "items"."trip_id" = $1 ORDER BY "items"."time_start" ASC[0m  [["trip_id", 7]]
Completed 200 OK in 3ms (Views: 1.2ms | ActiveRecord: 0.6ms)


Started GET "/api/v1/trips/8.json" for 10.0.2.2 at 2019-03-10 23:52:35 +0000
Processing by Api::V1::TripsController#show as JSON
  Parameters: {"id"=>"8"}
  [1m[36mTrip Load (0.1ms)[0m  [1m[34mSELECT  "trips".* FROM "trips" WHERE "trips"."id" = $1 LIMIT $2[0m  [["id", 8], ["LIMIT", 1]]
  [1m[36mItem Load (0.5ms)[0m  [1m[34mSELECT "items".* FROM "items" WHERE "items"."trip_id" = $1 ORDER BY "items"."time_start" ASC[0m  [["trip_id", 8]]
Completed 200 OK in 4ms (Views: 2.1ms | ActiveRecord: 0.6ms)


Started GET "/api/v1/trips/9.json" for 10.0.2.2 at 2019-03-10 23:52:36 +0000
Processing by Api::V1::TripsController#show as JSON
  Parameters: {"id"=>"9"}
  [1m[36mTrip Load (0.3ms)[0m  [1m[34mSELECT  "trips".* FROM "trips" WHERE "trips"."id" = $1 LIMIT $2[0m  [["id", 9], ["LIMIT", 1]]
  [1m[36mItem Load (0.4ms)[0m  [1m[34mSELECT "items".* FROM "items" WHERE "items"."trip_id" = $1 ORDER BY "items"."time_start" ASC[0m  [["trip_id", 9]]
Completed 200 OK in 7ms (Views: 3.9ms | ActiveRecord: 0.7ms)


Started GET "/api/v1/items/26.json?suggestionType=point_of_interest&query=things%20to%20do" for 10.0.2.2 at 2019-03-10 23:52:36 +0000
Started GET "/api/v1/items/26.json?suggestionType=restaurant&query=restaurants" for 10.0.2.2 at 2019-03-10 23:52:36 +0000
Processing by Api::V1::ItemsController#show as JSON
Processing by Api::V1::ItemsController#show as JSON
  Parameters: {"suggestionType"=>"point_of_interest", "query"=>"things to do", "id"=>"26"}
  Parameters: {"suggestionType"=>"restaurant", "query"=>"restaurants", "id"=>"26"}
  [1m[36mItem Load (0.2ms)[0m  [1m[34mSELECT  "items".* FROM "items" WHERE "items"."id" = $1 LIMIT $2[0m  [["id", 26], ["LIMIT", 1]]
  [1m[36mItem Load (0.8ms)[0m  [1m[34mSELECT  "items".* FROM "items" WHERE "items"."id" = $1 LIMIT $2[0m  [["id", 26], ["LIMIT", 1]]
Completed 200 OK in 1540ms (Views: 4.7ms | ActiveRecord: 0.8ms)


Completed 200 OK in 1547ms (Views: 4.6ms | ActiveRecord: 0.2ms)


Started GET "/api/v1/trips/2.json" for 10.0.2.2 at 2019-03-10 23:52:41 +0000
Processing by Api::V1::TripsController#show as JSON
  Parameters: {"id"=>"2"}
  [1m[36mTrip Load (0.2ms)[0m  [1m[34mSELECT  "trips".* FROM "trips" WHERE "trips"."id" = $1 LIMIT $2[0m  [["id", 2], ["LIMIT", 1]]
  [1m[36mItem Load (1.8ms)[0m  [1m[34mSELECT "items".* FROM "items" WHERE "items"."trip_id" = $1 ORDER BY "items"."time_start" ASC[0m  [["trip_id", 2]]
Completed 200 OK in 9ms (Views: 3.8ms | ActiveRecord: 2.1ms)


Started GET "/api/v1/users/1.json" for 10.0.2.2 at 2019-03-10 23:52:46 +0000
Started GET "/api/v1/trips/2.json" for 10.0.2.2 at 2019-03-10 23:52:46 +0000
Processing by Api::V1::UsersController#show as JSON
Processing by Api::V1::TripsController#show as JSON
  Parameters: {"id"=>"1"}
  Parameters: {"id"=>"2"}
  [1m[36mUser Load (0.5ms)[0m  [1m[34mSELECT  "users".* FROM "users" WHERE "users"."id" = $1 LIMIT $2[0m  [["id", 1], ["LIMIT", 1]]
  [1m[36mTrip Load (0.2ms)[0m  [1m[34mSELECT  "trips".* FROM "trips" WHERE "trips"."id" = $1 LIMIT $2[0m  [["id", 2], ["LIMIT", 1]]
  [1m[36mTrip Load (1.1ms)[0m  [1m[34mSELECT "trips".* FROM "trips" INNER JOIN "trips_users" ON "trips"."id" = "trips_users"."trip_id" WHERE "trips_users"."user_id" = $1 ORDER BY "trips"."time_start" ASC[0m  [["user_id", 1]]
  [1m[36mItem Load (0.4ms)[0m  [1m[34mSELECT "items".* FROM "items" WHERE "items"."trip_id" = $1 ORDER BY "items"."time_start" ASC[0m  [["trip_id", 2]]
Completed 200 OK in 13ms (Views: 9.2ms | ActiveRecord: 1.6ms)


Completed 200 OK in 21ms (Views: 14.5ms | ActiveRecord: 0.6ms)


Started GET "/api/v1/items/9.json?suggestionType=point_of_interest&query=things%20to%20do" for 10.0.2.2 at 2019-03-10 23:52:47 +0000
Started GET "/api/v1/items/9.json?suggestionType=restaurant&query=restaurants" for 10.0.2.2 at 2019-03-10 23:52:47 +0000
Processing by Api::V1::ItemsController#show as JSON
  Parameters: {"suggestionType"=>"point_of_interest", "query"=>"things to do", "id"=>"9"}
Processing by Api::V1::ItemsController#show as JSON
  Parameters: {"suggestionType"=>"restaurant", "query"=>"restaurants", "id"=>"9"}
  [1m[36mItem Load (2.1ms)[0m  [1m[34mSELECT  "items".* FROM "items" WHERE "items"."id" = $1 LIMIT $2[0m  [["id", 9], ["LIMIT", 1]]
  [1m[36mItem Load (0.2ms)[0m  [1m[34mSELECT  "items".* FROM "items" WHERE "items"."id" = $1 LIMIT $2[0m  [["id", 9], ["LIMIT", 1]]
Completed 200 OK in 181ms (Views: 1.8ms | ActiveRecord: 2.1ms)


Completed 200 OK in 208ms (Views: 2.9ms | ActiveRecord: 0.2ms)


Started GET "/api/v1/users/1.json" for 10.0.2.2 at 2019-03-10 23:54:17 +0000
Started GET "/api/v1/trips/2.json" for 10.0.2.2 at 2019-03-10 23:54:17 +0000
Processing by Api::V1::UsersController#show as JSON
  Parameters: {"id"=>"1"}
Processing by Api::V1::TripsController#show as JSON
  Parameters: {"id"=>"2"}
  [1m[36mUser Load (0.7ms)[0m  [1m[34mSELECT  "users".* FROM "users" WHERE "users"."id" = $1 LIMIT $2[0m  [["id", 1], ["LIMIT", 1]]
  [1m[36mTrip Load (2.2ms)[0m  [1m[34mSELECT  "trips".* FROM "trips" WHERE "trips"."id" = $1 LIMIT $2[0m  [["id", 2], ["LIMIT", 1]]
  [1m[36mTrip Load (0.9ms)[0m  [1m[34mSELECT "trips".* FROM "trips" INNER JOIN "trips_users" ON "trips"."id" = "trips_users"."trip_id" WHERE "trips_users"."user_id" = $1 ORDER BY "trips"."time_start" ASC[0m  [["user_id", 1]]
Completed 200 OK in 14ms (Views: 10.0ms | ActiveRecord: 1.6ms)


  [1m[36mItem Load (6.3ms)[0m  [1m[34mSELECT "items".* FROM "items" WHERE "items"."trip_id" = $1 ORDER BY "items"."time_start" ASC[0m  [["trip_id", 2]]
Completed 200 OK in 25ms (Views: 11.1ms | ActiveRecord: 8.4ms)


Started GET "/api/v1/items/9.json?suggestionType=point_of_interest&query=things%20to%20do" for 10.0.2.2 at 2019-03-10 23:54:17 +0000
Started GET "/api/v1/items/9.json?suggestionType=restaurant&query=restaurants" for 10.0.2.2 at 2019-03-10 23:54:17 +0000
Processing by Api::V1::ItemsController#show as JSON
  Parameters: {"suggestionType"=>"point_of_interest", "query"=>"things to do", "id"=>"9"}
  [1m[36mItem Load (0.6ms)[0m  [1m[34mSELECT  "items".* FROM "items" WHERE "items"."id" = $1 LIMIT $2[0m  [["id", 9], ["LIMIT", 1]]
Processing by Api::V1::ItemsController#show as JSON
  Parameters: {"suggestionType"=>"restaurant", "query"=>"restaurants", "id"=>"9"}
  [1m[36mItem Load (0.1ms)[0m  [1m[34mSELECT  "items".* FROM "items" WHERE "items"."id" = $1 LIMIT $2[0m  [["id", 9], ["LIMIT", 1]]
Completed 200 OK in 1054ms (Views: 2.2ms | ActiveRecord: 0.6ms)


Completed 200 OK in 1105ms (Views: 8.0ms | ActiveRecord: 0.1ms)


Started GET "/api/v1/users/1.json" for 10.0.2.2 at 2019-03-11 00:02:56 +0000
Started GET "/api/v1/trips/2.json" for 10.0.2.2 at 2019-03-11 00:02:56 +0000
Processing by Api::V1::UsersController#show as JSON
  Parameters: {"id"=>"1"}
Processing by Api::V1::TripsController#show as JSON
  Parameters: {"id"=>"2"}
  [1m[36mUser Load (0.2ms)[0m  [1m[34mSELECT  "users".* FROM "users" WHERE "users"."id" = $1 LIMIT $2[0m  [["id", 1], ["LIMIT", 1]]
  [1m[36mTrip Load (0.9ms)[0m  [1m[34mSELECT "trips".* FROM "trips" INNER JOIN "trips_users" ON "trips"."id" = "trips_users"."trip_id" WHERE "trips_users"."user_id" = $1 ORDER BY "trips"."time_start" ASC[0m  [["user_id", 1]]
Completed 200 OK in 20ms (Views: 15.4ms | ActiveRecord: 1.1ms)


  [1m[36mTrip Load (15.8ms)[0m  [1m[34mSELECT  "trips".* FROM "trips" WHERE "trips"."id" = $1 LIMIT $2[0m  [["id", 2], ["LIMIT", 1]]
  [1m[36mItem Load (3.5ms)[0m  [1m[34mSELECT "items".* FROM "items" WHERE "items"."trip_id" = $1 ORDER BY "items"."time_start" ASC[0m  [["trip_id", 2]]
Completed 200 OK in 92ms (Views: 64.2ms | ActiveRecord: 19.3ms)


Started GET "/api/v1/items/9.json?suggestionType=restaurant&query=restaurants" for 10.0.2.2 at 2019-03-11 00:02:56 +0000
Started GET "/api/v1/items/9.json?suggestionType=point_of_interest&query=things%20to%20do" for 10.0.2.2 at 2019-03-11 00:02:56 +0000
Processing by Api::V1::ItemsController#show as JSON
  Parameters: {"suggestionType"=>"restaurant", "query"=>"restaurants", "id"=>"9"}
Processing by Api::V1::ItemsController#show as JSON
  Parameters: {"suggestionType"=>"point_of_interest", "query"=>"things to do", "id"=>"9"}
  [1m[36mItem Load (1.5ms)[0m  [1m[34mSELECT  "items".* FROM "items" WHERE "items"."id" = $1 LIMIT $2[0m  [["id", 9], ["LIMIT", 1]]
  [1m[36mItem Load (5.3ms)[0m  [1m[34mSELECT  "items".* FROM "items" WHERE "items"."id" = $1 LIMIT $2[0m  [["id", 9], ["LIMIT", 1]]
Completed 200 OK in 906ms (Views: 4.8ms | ActiveRecord: 1.5ms)


Completed 200 OK in 997ms (Views: 3.6ms | ActiveRecord: 5.3ms)


